2021-04-25 11:10:07 : Hi buddy :)
2021-04-25 11:10:07 : Sign with input variables: 
 RoleIndex = 7, Pin = 1111, Count of Certificates = 10
2021-04-25 11:10:08 : Find window named Launch Application
2021-04-25 11:10:09 : Finished works on Launch Application
2021-04-25 11:10:16 : Find window named ارتباط با توکن
2021-04-25 11:10:18 : Pin entered
2021-04-25 11:10:26 : TAB
2021-04-25 11:10:27 : In Loop
2021-04-25 11:10:27 : DOWN
2021-04-25 11:10:28 : In Loop
2021-04-25 11:10:28 : DOWN
2021-04-25 11:10:28 : In Loop
2021-04-25 11:10:28 : DOWN
2021-04-25 11:10:29 : In Loop
2021-04-25 11:10:29 : DOWN
2021-04-25 11:10:30 : In Loop
2021-04-25 11:10:30 : DOWN
2021-04-25 11:10:30 : In Loop
2021-04-25 11:10:30 : DOWN
2021-04-25 11:10:31 : In Loop
2021-04-25 11:10:31 : DOWN
2021-04-25 11:10:32 : In Loop
2021-04-25 11:10:32 : DOWN
2021-04-25 11:10:33 : TAB
2021-04-25 11:10:33 : DOWN
2021-04-25 11:10:34 : SPACE
2021-04-25 11:10:35 : Certificate is choosed
2021-04-25 11:10:35 : TAB
2021-04-25 11:10:35 : Finished works on ارتباط با توکن
2021-04-25 11:10:35 : Bye buddy :)
