2021-04-24 13:30:19 : Hi buddy :)
2021-04-24 13:30:19 : Sign with input variables: 
 RoleIndex = 3, Pin = 1111, Count of Certificates = 10
2021-04-24 13:30:20 : Find window named Launch Application
2021-04-24 13:30:21 : Finished works on Launch Application
2021-04-24 13:30:27 : Find window named ارتباط با توکن
2021-04-24 13:30:29 : Pin entered
2021-04-24 13:30:37 : TAB
2021-04-24 13:30:38 : In Loop
2021-04-24 13:30:38 : DOWN
2021-04-24 13:30:38 : In Loop
2021-04-24 13:30:38 : DOWN
2021-04-24 13:30:39 : In Loop
2021-04-24 13:30:39 : DOWN
2021-04-24 13:30:40 : In Loop
2021-04-24 13:30:40 : DOWN
2021-04-24 13:30:41 : TAB
2021-04-24 13:30:41 : DOWN
2021-04-24 13:30:42 : SPACE
2021-04-24 13:30:42 : Certificate is choosed
2021-04-24 13:30:42 : TAB
2021-04-24 13:30:43 : Finished works on ارتباط با توکن
2021-04-24 13:30:43 : Bye buddy :)
