2021-04-24 13:43:23 : Hi buddy :)
2021-04-24 13:43:23 : Sign with input variables: 
 RoleIndex = 7, Pin = 1111, Count of Certificates = 10
2021-04-24 13:43:23 : Find window named Launch Application
2021-04-24 13:43:25 : Finished works on Launch Application
2021-04-24 13:43:30 : Find window named ارتباط با توکن
2021-04-24 13:43:33 : Pin entered
2021-04-24 13:43:40 : TAB
2021-04-24 13:43:41 : In Loop
2021-04-24 13:43:41 : DOWN
2021-04-24 13:43:42 : In Loop
2021-04-24 13:43:42 : DOWN
2021-04-24 13:43:43 : In Loop
2021-04-24 13:43:43 : DOWN
2021-04-24 13:43:43 : In Loop
2021-04-24 13:43:43 : DOWN
2021-04-24 13:43:44 : In Loop
2021-04-24 13:43:44 : DOWN
2021-04-24 13:43:45 : In Loop
2021-04-24 13:43:45 : DOWN
2021-04-24 13:43:46 : In Loop
2021-04-24 13:43:46 : DOWN
2021-04-24 13:43:46 : In Loop
2021-04-24 13:43:46 : DOWN
2021-04-24 13:43:47 : TAB
2021-04-24 13:43:48 : DOWN
2021-04-24 13:43:48 : SPACE
2021-04-24 13:43:49 : Certificate is choosed
2021-04-24 13:43:49 : TAB
2021-04-24 13:43:49 : Finished works on ارتباط با توکن
2021-04-24 13:43:49 : Bye buddy :)
