2021-05-11 19:30:04 : Hi buddy :)
2021-05-11 19:30:04 : Sign with input variables: 
 RoleIndex = 7, Pin = 1111, Count of Certificates = 10
2021-05-11 19:30:04 : Find window named Launch Application
2021-05-11 19:30:06 : Finished works on Launch Application
2021-05-11 19:30:13 : Find window named ارتباط با توکن
2021-05-11 19:30:15 : Pin entered
2021-05-11 19:30:23 : TAB
2021-05-11 19:30:24 : In Loop
2021-05-11 19:30:24 : DOWN
2021-05-11 19:30:24 : In Loop
2021-05-11 19:30:24 : DOWN
2021-05-11 19:30:25 : In Loop
2021-05-11 19:30:25 : DOWN
2021-05-11 19:30:26 : In Loop
2021-05-11 19:30:26 : DOWN
2021-05-11 19:30:27 : In Loop
2021-05-11 19:30:27 : DOWN
2021-05-11 19:30:27 : In Loop
2021-05-11 19:30:27 : DOWN
2021-05-11 19:30:28 : In Loop
2021-05-11 19:30:28 : DOWN
2021-05-11 19:30:29 : In Loop
2021-05-11 19:30:29 : DOWN
2021-05-11 19:30:30 : TAB
2021-05-11 19:30:30 : DOWN
2021-05-11 19:30:31 : SPACE
2021-05-11 19:30:31 : Certificate is choosed
2021-05-11 19:30:31 : TAB
2021-05-11 19:30:32 : Finished works on ارتباط با توکن
2021-05-11 19:30:32 : Bye buddy :)
