2021-05-02 10:34:52 : Hi buddy :)
2021-05-02 10:34:52 : Sign with input variables: 
 RoleIndex = 7, Pin = 1111, Count of Certificates = 10
2021-05-02 10:34:52 : Find window named Launch Application
2021-05-02 10:34:54 : Finished works on Launch Application
2021-05-02 10:35:01 : Find window named ارتباط با توکن
2021-05-02 10:35:04 : Pin entered
2021-05-02 10:35:11 : TAB
2021-05-02 10:35:12 : In Loop
2021-05-02 10:35:12 : DOWN
2021-05-02 10:35:13 : In Loop
2021-05-02 10:35:13 : DOWN
2021-05-02 10:35:13 : In Loop
2021-05-02 10:35:13 : DOWN
2021-05-02 10:35:14 : In Loop
2021-05-02 10:35:14 : DOWN
2021-05-02 10:35:15 : In Loop
2021-05-02 10:35:15 : DOWN
2021-05-02 10:35:16 : In Loop
2021-05-02 10:35:16 : DOWN
2021-05-02 10:35:16 : In Loop
2021-05-02 10:35:16 : DOWN
2021-05-02 10:35:17 : In Loop
2021-05-02 10:35:17 : DOWN
2021-05-02 10:35:18 : TAB
2021-05-02 10:35:19 : DOWN
2021-05-02 10:35:19 : SPACE
2021-05-02 10:35:20 : Certificate is choosed
2021-05-02 10:35:20 : TAB
2021-05-02 10:35:20 : Finished works on ارتباط با توکن
2021-05-02 10:35:20 : Bye buddy :)
