2021-05-11 15:47:23 : Hi buddy :)
2021-05-11 15:47:23 : Sign with input variables: 
 RoleIndex = 7, Pin = 1111, Count of Certificates = 10
2021-05-11 15:47:24 : Find window named Launch Application
2021-05-11 15:47:26 : Finished works on Launch Application
2021-05-11 15:47:32 : Find window named ارتباط با توکن
2021-05-11 15:47:34 : Pin entered
2021-05-11 15:47:42 : TAB
2021-05-11 15:47:43 : In Loop
2021-05-11 15:47:43 : DOWN
2021-05-11 15:47:43 : In Loop
2021-05-11 15:47:43 : DOWN
2021-05-11 15:47:44 : In Loop
2021-05-11 15:47:44 : DOWN
2021-05-11 15:47:45 : In Loop
2021-05-11 15:47:45 : DOWN
2021-05-11 15:47:46 : In Loop
2021-05-11 15:47:46 : DOWN
2021-05-11 15:47:46 : In Loop
2021-05-11 15:47:46 : DOWN
2021-05-11 15:47:47 : In Loop
2021-05-11 15:47:47 : DOWN
2021-05-11 15:47:48 : In Loop
2021-05-11 15:47:48 : DOWN
2021-05-11 15:47:48 : TAB
2021-05-11 15:47:49 : DOWN
2021-05-11 15:47:50 : SPACE
2021-05-11 15:47:50 : Certificate is choosed
2021-05-11 15:47:50 : TAB
2021-05-11 15:47:51 : Finished works on ارتباط با توکن
2021-05-11 15:47:51 : Bye buddy :)
