2021-05-02 14:42:24 : Hi buddy :)
2021-05-02 14:42:24 : Sign with input variables: 
 RoleIndex = 7, Pin = 1111, Count of Certificates = 10
2021-05-02 14:42:24 : Find window named Launch Application
2021-05-02 14:42:26 : Finished works on Launch Application
2021-05-02 14:42:27 : Find window named Launch Application
2021-05-02 14:42:29 : Finished works on Launch Application
2021-05-02 14:42:30 : Find window named Launch Application
2021-05-02 14:42:32 : Finished works on Launch Application
2021-05-02 14:42:33 : Find window named Launch Application
2021-05-02 14:42:34 : Finished works on Launch Application
2021-05-02 14:42:36 : Find window named Launch Application
2021-05-02 14:42:37 : Finished works on Launch Application
2021-05-02 14:42:38 : Find window named Launch Application
2021-05-02 14:42:40 : Finished works on Launch Application
2021-05-02 14:42:41 : Find window named Launch Application
2021-05-02 14:42:43 : Finished works on Launch Application
2021-05-02 14:42:44 : Find window named Launch Application
2021-05-02 14:42:46 : Finished works on Launch Application
2021-05-02 14:42:47 : Find window named Launch Application
2021-05-02 14:42:48 : Finished works on Launch Application
2021-05-02 14:42:50 : Find window named Launch Application
2021-05-02 14:42:51 : Finished works on Launch Application
2021-05-02 14:42:52 : Find window named Launch Application
2021-05-02 14:42:54 : Finished works on Launch Application
2021-05-02 14:43:01 : Find window named ارتباط با توکن
2021-05-02 14:43:04 : Pin entered
2021-05-02 14:43:11 : TAB
2021-05-02 14:43:12 : In Loop
2021-05-02 14:43:12 : DOWN
2021-05-02 14:43:13 : In Loop
2021-05-02 14:43:13 : DOWN
2021-05-02 14:43:14 : In Loop
2021-05-02 14:43:14 : DOWN
2021-05-02 14:43:15 : In Loop
2021-05-02 14:43:15 : DOWN
2021-05-02 14:43:15 : In Loop
2021-05-02 14:43:15 : DOWN
2021-05-02 14:43:16 : In Loop
2021-05-02 14:43:16 : DOWN
2021-05-02 14:43:17 : In Loop
2021-05-02 14:43:17 : DOWN
2021-05-02 14:43:17 : In Loop
2021-05-02 14:43:17 : DOWN
2021-05-02 14:43:18 : TAB
2021-05-02 14:43:19 : DOWN
2021-05-02 14:43:20 : SPACE
2021-05-02 14:43:20 : Certificate is choosed
2021-05-02 14:43:20 : TAB
2021-05-02 14:43:21 : Finished works on ارتباط با توکن
2021-05-02 14:43:21 : Bye buddy :)
