2021-04-28 16:05:52 : Hi buddy :)
2021-04-28 16:05:52 : Sign with input variables: 
 RoleIndex = 7, Pin = 1111, Count of Certificates = 10
2021-04-28 16:05:52 : Find window named Launch Application
2021-04-28 16:05:54 : Finished works on Launch Application
2021-04-28 16:06:00 : Find window named ارتباط با توکن
2021-04-28 16:06:03 : Pin entered
2021-04-28 16:06:10 : TAB
2021-04-28 16:06:11 : In Loop
2021-04-28 16:06:11 : DOWN
2021-04-28 16:06:12 : In Loop
2021-04-28 16:06:12 : DOWN
2021-04-28 16:06:13 : In Loop
2021-04-28 16:06:13 : DOWN
2021-04-28 16:06:14 : In Loop
2021-04-28 16:06:14 : DOWN
2021-04-28 16:06:14 : In Loop
2021-04-28 16:06:14 : DOWN
2021-04-28 16:06:15 : In Loop
2021-04-28 16:06:15 : DOWN
2021-04-28 16:06:16 : In Loop
2021-04-28 16:06:16 : DOWN
2021-04-28 16:06:16 : In Loop
2021-04-28 16:06:16 : DOWN
2021-04-28 16:06:17 : TAB
2021-04-28 16:06:18 : DOWN
2021-04-28 16:06:19 : SPACE
2021-04-28 16:06:19 : Certificate is choosed
2021-04-28 16:06:19 : TAB
2021-04-28 16:06:20 : Finished works on ارتباط با توکن
2021-04-28 16:06:20 : Bye buddy :)
