2021-04-27 13:07:29 : Hi buddy :)
2021-04-27 13:07:29 : Sign with input variables: 
 RoleIndex = 7, Pin = 1111, Count of Certificates = 10
2021-04-27 13:07:30 : Find window named Launch Application
2021-04-27 13:07:31 : Finished works on Launch Application
2021-04-27 13:07:38 : Find window named ارتباط با توکن
2021-04-27 13:07:40 : Pin entered
2021-04-27 13:07:48 : TAB
2021-04-27 13:07:49 : In Loop
2021-04-27 13:07:49 : DOWN
2021-04-27 13:07:50 : In Loop
2021-04-27 13:07:50 : DOWN
2021-04-27 13:07:50 : In Loop
2021-04-27 13:07:50 : DOWN
2021-04-27 13:07:51 : In Loop
2021-04-27 13:07:51 : DOWN
2021-04-27 13:07:52 : In Loop
2021-04-27 13:07:52 : DOWN
2021-04-27 13:07:53 : In Loop
2021-04-27 13:07:53 : DOWN
2021-04-27 13:07:53 : In Loop
2021-04-27 13:07:53 : DOWN
2021-04-27 13:07:54 : In Loop
2021-04-27 13:07:54 : DOWN
2021-04-27 13:07:55 : TAB
2021-04-27 13:07:55 : DOWN
2021-04-27 13:07:56 : SPACE
2021-04-27 13:07:57 : Certificate is choosed
2021-04-27 13:07:57 : TAB
2021-04-27 13:07:57 : Finished works on ارتباط با توکن
2021-04-27 13:07:57 : Bye buddy :)
