2021-05-02 13:33:17 : Hi buddy :)
2021-05-02 13:33:17 : Sign with input variables: 
 RoleIndex = 7, Pin = 1111, Count of Certificates = 10
2021-05-02 13:33:17 : Find window named Launch Application
2021-05-02 13:33:19 : Finished works on Launch Application
2021-05-02 13:33:25 : Find window named ارتباط با توکن
2021-05-02 13:33:28 : Pin entered
2021-05-02 13:33:35 : TAB
2021-05-02 13:33:36 : In Loop
2021-05-02 13:33:36 : DOWN
2021-05-02 13:33:37 : In Loop
2021-05-02 13:33:37 : DOWN
2021-05-02 13:33:38 : In Loop
2021-05-02 13:33:38 : DOWN
2021-05-02 13:33:38 : In Loop
2021-05-02 13:33:38 : DOWN
2021-05-02 13:33:39 : In Loop
2021-05-02 13:33:39 : DOWN
2021-05-02 13:33:40 : In Loop
2021-05-02 13:33:40 : DOWN
2021-05-02 13:33:41 : In Loop
2021-05-02 13:33:41 : DOWN
2021-05-02 13:33:41 : In Loop
2021-05-02 13:33:41 : DOWN
2021-05-02 13:33:42 : TAB
2021-05-02 13:33:43 : DOWN
2021-05-02 13:33:43 : SPACE
2021-05-02 13:33:44 : Certificate is choosed
2021-05-02 13:33:44 : TAB
2021-05-02 13:33:44 : Finished works on ارتباط با توکن
2021-05-02 13:33:44 : Bye buddy :)
