2021-05-11 18:48:12 : Hi buddy :)
2021-05-11 18:48:12 : Sign with input variables: 
 RoleIndex = 7, Pin = 1111, Count of Certificates = 10
2021-05-11 18:48:13 : Find window named Launch Application
2021-05-11 18:48:14 : Finished works on Launch Application
2021-05-11 18:48:21 : Find window named ارتباط با توکن
2021-05-11 18:48:23 : Pin entered
2021-05-11 18:48:31 : TAB
2021-05-11 18:48:32 : In Loop
2021-05-11 18:48:32 : DOWN
2021-05-11 18:48:33 : In Loop
2021-05-11 18:48:33 : DOWN
2021-05-11 18:48:33 : In Loop
2021-05-11 18:48:33 : DOWN
2021-05-11 18:48:34 : In Loop
2021-05-11 18:48:34 : DOWN
2021-05-11 18:48:35 : In Loop
2021-05-11 18:48:35 : DOWN
2021-05-11 18:48:35 : In Loop
2021-05-11 18:48:35 : DOWN
2021-05-11 18:48:36 : In Loop
2021-05-11 18:48:36 : DOWN
2021-05-11 18:48:37 : In Loop
2021-05-11 18:48:37 : DOWN
2021-05-11 18:48:38 : TAB
2021-05-11 18:48:38 : DOWN
2021-05-11 18:48:39 : SPACE
2021-05-11 18:48:39 : Certificate is choosed
2021-05-11 18:48:39 : TAB
2021-05-11 18:48:40 : Finished works on ارتباط با توکن
2021-05-11 18:48:40 : Bye buddy :)
