2021-04-28 10:47:42 : Hi buddy :)
2021-04-28 10:47:42 : Sign with input variables: 
 RoleIndex = 7, Pin = 1111, Count of Certificates = 10
2021-04-28 10:47:42 : Find window named Launch Application
2021-04-28 10:47:44 : Finished works on Launch Application
2021-04-28 10:47:51 : Find window named ارتباط با توکن
2021-04-28 10:47:53 : Pin entered
2021-04-28 10:48:01 : TAB
2021-04-28 10:48:02 : In Loop
2021-04-28 10:48:02 : DOWN
2021-04-28 10:48:02 : In Loop
2021-04-28 10:48:02 : DOWN
2021-04-28 10:48:03 : In Loop
2021-04-28 10:48:03 : DOWN
2021-04-28 10:48:04 : In Loop
2021-04-28 10:48:04 : DOWN
2021-04-28 10:48:05 : In Loop
2021-04-28 10:48:05 : DOWN
2021-04-28 10:48:05 : In Loop
2021-04-28 10:48:05 : DOWN
2021-04-28 10:48:06 : In Loop
2021-04-28 10:48:06 : DOWN
2021-04-28 10:48:07 : In Loop
2021-04-28 10:48:07 : DOWN
2021-04-28 10:48:07 : TAB
2021-04-28 10:48:08 : DOWN
2021-04-28 10:48:09 : SPACE
2021-04-28 10:48:09 : Certificate is choosed
2021-04-28 10:48:09 : TAB
2021-04-28 10:48:10 : Finished works on ارتباط با توکن
2021-04-28 10:48:10 : Bye buddy :)
