2021-05-11 20:09:35 : Hi buddy :)
2021-05-11 20:09:35 : Sign with input variables: 
 RoleIndex = 7, Pin = 1111, Count of Certificates = 10
2021-05-11 20:09:35 : Find window named Launch Application
2021-05-11 20:09:36 : Finished works on Launch Application
2021-05-11 20:09:45 : Find window named ارتباط با توکن
2021-05-11 20:09:48 : Pin entered
2021-05-11 20:09:56 : TAB
2021-05-11 20:09:57 : In Loop
2021-05-11 20:09:57 : DOWN
2021-05-11 20:09:57 : In Loop
2021-05-11 20:09:57 : DOWN
2021-05-11 20:09:58 : In Loop
2021-05-11 20:09:58 : DOWN
2021-05-11 20:09:59 : In Loop
2021-05-11 20:09:59 : DOWN
2021-05-11 20:09:59 : In Loop
2021-05-11 20:09:59 : DOWN
2021-05-11 20:10:00 : In Loop
2021-05-11 20:10:00 : DOWN
2021-05-11 20:10:01 : In Loop
2021-05-11 20:10:01 : DOWN
2021-05-11 20:10:02 : In Loop
2021-05-11 20:10:02 : DOWN
2021-05-11 20:10:02 : TAB
2021-05-11 20:10:03 : DOWN
2021-05-11 20:10:04 : SPACE
2021-05-11 20:10:04 : Certificate is choosed
2021-05-11 20:10:04 : TAB
2021-05-11 20:10:05 : Finished works on ارتباط با توکن
2021-05-11 20:10:05 : Bye buddy :)
