2021-05-02 10:46:24 : Hi buddy :)
2021-05-02 10:46:24 : Sign with input variables: 
 RoleIndex = 7, Pin = 1111, Count of Certificates = 10
2021-05-02 10:46:24 : Find window named Launch Application
2021-05-02 10:46:26 : Finished works on Launch Application
2021-05-02 10:46:31 : Find window named ارتباط با توکن
2021-05-02 10:46:34 : Pin entered
2021-05-02 10:46:42 : TAB
2021-05-02 10:46:43 : In Loop
2021-05-02 10:46:43 : DOWN
2021-05-02 10:46:43 : In Loop
2021-05-02 10:46:43 : DOWN
2021-05-02 10:46:44 : In Loop
2021-05-02 10:46:44 : DOWN
2021-05-02 10:46:45 : In Loop
2021-05-02 10:46:45 : DOWN
2021-05-02 10:46:45 : In Loop
2021-05-02 10:46:45 : DOWN
2021-05-02 10:46:46 : In Loop
2021-05-02 10:46:46 : DOWN
2021-05-02 10:46:47 : In Loop
2021-05-02 10:46:47 : DOWN
2021-05-02 10:46:48 : In Loop
2021-05-02 10:46:48 : DOWN
2021-05-02 10:46:48 : TAB
2021-05-02 10:46:49 : DOWN
2021-05-02 10:46:50 : SPACE
2021-05-02 10:46:50 : Certificate is choosed
2021-05-02 10:46:50 : TAB
2021-05-02 10:46:51 : Finished works on ارتباط با توکن
2021-05-02 10:46:51 : Bye buddy :)
