2021-04-28 12:38:00 : Hi buddy :)
2021-04-28 12:38:00 : Sign with input variables: 
 RoleIndex = 7, Pin = 1111, Count of Certificates = 10
2021-04-28 12:38:01 : Find window named Launch Application
2021-04-28 12:38:02 : Finished works on Launch Application
2021-04-28 12:38:09 : Find window named ارتباط با توکن
2021-04-28 12:38:11 : Pin entered
2021-04-28 12:38:19 : TAB
2021-04-28 12:38:20 : In Loop
2021-04-28 12:38:20 : DOWN
2021-04-28 12:38:21 : In Loop
2021-04-28 12:38:21 : DOWN
2021-04-28 12:38:21 : In Loop
2021-04-28 12:38:21 : DOWN
2021-04-28 12:38:22 : In Loop
2021-04-28 12:38:22 : DOWN
2021-04-28 12:38:23 : In Loop
2021-04-28 12:38:23 : DOWN
2021-04-28 12:38:24 : In Loop
2021-04-28 12:38:24 : DOWN
2021-04-28 12:38:24 : In Loop
2021-04-28 12:38:24 : DOWN
2021-04-28 12:38:25 : In Loop
2021-04-28 12:38:25 : DOWN
2021-04-28 12:38:26 : TAB
2021-04-28 12:38:26 : DOWN
2021-04-28 12:38:27 : SPACE
2021-04-28 12:38:28 : Certificate is choosed
2021-04-28 12:38:28 : TAB
2021-04-28 12:38:28 : Finished works on ارتباط با توکن
2021-04-28 12:38:28 : Bye buddy :)
