2021-05-11 15:40:45 : Hi buddy :)
2021-05-11 15:40:45 : Sign with input variables: 
 RoleIndex = 7, Pin = 1111, Count of Certificates = 10
2021-05-11 15:40:45 : Find window named Launch Application
2021-05-11 15:40:47 : Finished works on Launch Application
2021-05-11 15:40:54 : Find window named ارتباط با توکن
2021-05-11 15:40:56 : Pin entered
2021-05-11 15:41:04 : TAB
2021-05-11 15:41:05 : In Loop
2021-05-11 15:41:05 : DOWN
2021-05-11 15:41:06 : In Loop
2021-05-11 15:41:06 : DOWN
2021-05-11 15:41:06 : In Loop
2021-05-11 15:41:06 : DOWN
2021-05-11 15:41:07 : In Loop
2021-05-11 15:41:07 : DOWN
2021-05-11 15:41:08 : In Loop
2021-05-11 15:41:08 : DOWN
2021-05-11 15:41:09 : In Loop
2021-05-11 15:41:09 : DOWN
2021-05-11 15:41:09 : In Loop
2021-05-11 15:41:09 : DOWN
2021-05-11 15:41:10 : In Loop
2021-05-11 15:41:10 : DOWN
2021-05-11 15:41:11 : TAB
2021-05-11 15:41:11 : DOWN
2021-05-11 15:41:12 : SPACE
2021-05-11 15:41:13 : Certificate is choosed
2021-05-11 15:41:13 : TAB
2021-05-11 15:41:13 : Finished works on ارتباط با توکن
2021-05-11 15:41:13 : Bye buddy :)
