2021-04-26 17:34:31 : Hi buddy :)
2021-04-26 17:34:31 : Sign with input variables: 
 RoleIndex = 7, Pin = 1111, Count of Certificates = 10
2021-04-26 17:34:32 : Find window named Launch Application
2021-04-26 17:34:33 : Finished works on Launch Application
2021-04-26 17:34:39 : Find window named ارتباط با توکن
2021-04-26 17:34:41 : Pin entered
2021-04-26 17:34:49 : TAB
2021-04-26 17:34:50 : In Loop
2021-04-26 17:34:50 : DOWN
2021-04-26 17:34:51 : In Loop
2021-04-26 17:34:51 : DOWN
2021-04-26 17:34:51 : In Loop
2021-04-26 17:34:51 : DOWN
2021-04-26 17:34:52 : In Loop
2021-04-26 17:34:52 : DOWN
2021-04-26 17:34:53 : In Loop
2021-04-26 17:34:53 : DOWN
2021-04-26 17:34:53 : In Loop
2021-04-26 17:34:53 : DOWN
2021-04-26 17:34:54 : In Loop
2021-04-26 17:34:54 : DOWN
2021-04-26 17:34:55 : In Loop
2021-04-26 17:34:55 : DOWN
2021-04-26 17:34:56 : TAB
2021-04-26 17:34:56 : DOWN
2021-04-26 17:34:57 : SPACE
2021-04-26 17:34:58 : Certificate is choosed
2021-04-26 17:34:58 : TAB
2021-04-26 17:34:58 : Finished works on ارتباط با توکن
2021-04-26 17:34:58 : Bye buddy :)
