2021-05-11 15:43:52 : Hi buddy :)
2021-05-11 15:43:52 : Sign with input variables: 
 RoleIndex = 7, Pin = 1111, Count of Certificates = 10
2021-05-11 15:43:52 : Find window named Launch Application
2021-05-11 15:43:54 : Finished works on Launch Application
2021-05-11 15:43:59 : Find window named ارتباط با توکن
2021-05-11 15:44:02 : Pin entered
2021-05-11 15:44:10 : TAB
2021-05-11 15:44:11 : In Loop
2021-05-11 15:44:11 : DOWN
2021-05-11 15:44:11 : In Loop
2021-05-11 15:44:11 : DOWN
2021-05-11 15:44:12 : In Loop
2021-05-11 15:44:12 : DOWN
2021-05-11 15:44:13 : In Loop
2021-05-11 15:44:13 : DOWN
2021-05-11 15:44:13 : In Loop
2021-05-11 15:44:13 : DOWN
2021-05-11 15:44:14 : In Loop
2021-05-11 15:44:14 : DOWN
2021-05-11 15:44:15 : In Loop
2021-05-11 15:44:15 : DOWN
2021-05-11 15:44:16 : In Loop
2021-05-11 15:44:16 : DOWN
2021-05-11 15:44:16 : TAB
2021-05-11 15:44:17 : DOWN
2021-05-11 15:44:18 : SPACE
2021-05-11 15:44:18 : Certificate is choosed
2021-05-11 15:44:18 : TAB
2021-05-11 15:44:19 : Finished works on ارتباط با توکن
2021-05-11 15:44:19 : Bye buddy :)
