2021-05-10 10:41:52 : Hi buddy :)
2021-05-10 10:41:52 : Sign with input variables: 
 RoleIndex = 7, Pin = 1234, Count of Certificates = 10
2021-05-10 10:41:53 : Find window named Launch Application
2021-05-10 10:41:54 : Finished works on Launch Application
2021-05-10 10:42:02 : Find window named ارتباط با توکن
2021-05-10 10:42:05 : Pin entered
2021-05-10 10:42:12 : TAB
2021-05-10 10:42:13 : In Loop
2021-05-10 10:42:13 : DOWN
2021-05-10 10:42:14 : In Loop
2021-05-10 10:42:14 : DOWN
2021-05-10 10:42:15 : In Loop
2021-05-10 10:42:15 : DOWN
2021-05-10 10:42:15 : In Loop
2021-05-10 10:42:15 : DOWN
2021-05-10 10:42:16 : In Loop
2021-05-10 10:42:16 : DOWN
2021-05-10 10:42:17 : In Loop
2021-05-10 10:42:17 : DOWN
2021-05-10 10:42:17 : In Loop
2021-05-10 10:42:17 : DOWN
2021-05-10 10:42:18 : In Loop
2021-05-10 10:42:18 : DOWN
2021-05-10 10:42:19 : TAB
2021-05-10 10:42:20 : DOWN
2021-05-10 10:42:20 : SPACE
2021-05-10 10:42:21 : Certificate is choosed
2021-05-10 10:42:21 : TAB
2021-05-10 10:42:21 : Finished works on ارتباط با توکن
2021-05-10 10:42:21 : Bye buddy :)
