2021-05-10 14:27:56 : Hi buddy :)
2021-05-10 14:27:56 : Sign with input variables: 
 RoleIndex = 7, Pin = 1111, Count of Certificates = 10
2021-05-10 14:27:57 : Find window named Launch Application
2021-05-10 14:27:58 : Finished works on Launch Application
2021-05-10 14:28:06 : Find window named ارتباط با توکن
2021-05-10 14:28:08 : Pin entered
2021-05-10 14:28:16 : TAB
2021-05-10 14:28:17 : In Loop
2021-05-10 14:28:17 : DOWN
2021-05-10 14:28:17 : In Loop
2021-05-10 14:28:17 : DOWN
2021-05-10 14:28:18 : In Loop
2021-05-10 14:28:18 : DOWN
2021-05-10 14:28:19 : In Loop
2021-05-10 14:28:19 : DOWN
2021-05-10 14:28:20 : In Loop
2021-05-10 14:28:20 : DOWN
2021-05-10 14:28:20 : In Loop
2021-05-10 14:28:20 : DOWN
2021-05-10 14:28:21 : In Loop
2021-05-10 14:28:21 : DOWN
2021-05-10 14:28:22 : In Loop
2021-05-10 14:28:22 : DOWN
2021-05-10 14:28:22 : TAB
2021-05-10 14:28:23 : DOWN
2021-05-10 14:28:24 : SPACE
2021-05-10 14:28:24 : Certificate is choosed
2021-05-10 14:28:24 : TAB
2021-05-10 14:28:25 : Finished works on ارتباط با توکن
2021-05-10 14:28:25 : Bye buddy :)
