2021-05-15 12:55:15 : Hi buddy :)
2021-05-15 12:55:15 : Sign with input variables: 
 RoleIndex = 7, Pin = 1111, Count of Certificates = 10
2021-05-15 12:55:15 : Find window named Launch Application
2021-05-15 12:55:17 : Finished works on Launch Application
2021-05-15 12:55:27 : Find window named ارتباط با توکن
2021-05-15 12:55:29 : Pin entered
2021-05-15 12:55:37 : TAB
2021-05-15 12:55:38 : In Loop
2021-05-15 12:55:38 : DOWN
2021-05-15 12:55:39 : In Loop
2021-05-15 12:55:39 : DOWN
2021-05-15 12:55:39 : In Loop
2021-05-15 12:55:39 : DOWN
2021-05-15 12:55:40 : In Loop
2021-05-15 12:55:40 : DOWN
2021-05-15 12:55:41 : In Loop
2021-05-15 12:55:41 : DOWN
2021-05-15 12:55:42 : In Loop
2021-05-15 12:55:42 : DOWN
2021-05-15 12:55:42 : In Loop
2021-05-15 12:55:42 : DOWN
2021-05-15 12:55:43 : In Loop
2021-05-15 12:55:43 : DOWN
2021-05-15 12:55:44 : TAB
2021-05-15 12:55:44 : DOWN
2021-05-15 12:55:45 : SPACE
2021-05-15 12:55:46 : Certificate is choosed
2021-05-15 12:55:46 : TAB
2021-05-15 12:55:46 : Finished works on ارتباط با توکن
2021-05-15 12:55:46 : Bye buddy :)
