2021-05-11 12:44:26 : Hi buddy :)
2021-05-11 12:44:26 : Sign with input variables: 
 RoleIndex = 7, Pin = 1111, Count of Certificates = 10
2021-05-11 12:44:27 : Find window named Launch Application
2021-05-11 12:44:28 : Finished works on Launch Application
2021-05-11 12:44:35 : Find window named ارتباط با توکن
2021-05-11 12:44:37 : Pin entered
2021-05-11 12:44:45 : TAB
2021-05-11 12:44:46 : In Loop
2021-05-11 12:44:46 : DOWN
2021-05-11 12:44:47 : In Loop
2021-05-11 12:44:47 : DOWN
2021-05-11 12:44:47 : In Loop
2021-05-11 12:44:47 : DOWN
2021-05-11 12:44:48 : In Loop
2021-05-11 12:44:48 : DOWN
2021-05-11 12:44:49 : In Loop
2021-05-11 12:44:49 : DOWN
2021-05-11 12:44:49 : In Loop
2021-05-11 12:44:49 : DOWN
2021-05-11 12:44:50 : In Loop
2021-05-11 12:44:50 : DOWN
2021-05-11 12:44:51 : In Loop
2021-05-11 12:44:51 : DOWN
2021-05-11 12:44:52 : TAB
2021-05-11 12:44:52 : DOWN
2021-05-11 12:44:53 : SPACE
2021-05-11 12:44:54 : Certificate is choosed
2021-05-11 12:44:54 : TAB
2021-05-11 12:44:54 : Finished works on ارتباط با توکن
2021-05-11 12:44:54 : Bye buddy :)
