2021-05-02 12:50:19 : Hi buddy :)
2021-05-02 12:50:19 : Sign with input variables: 
 RoleIndex = 7, Pin = 1111, Count of Certificates = 10
2021-05-02 12:50:19 : Find window named Launch Application
2021-05-02 12:50:21 : Finished works on Launch Application
2021-05-02 12:50:27 : Find window named ارتباط با توکن
2021-05-02 12:50:30 : Pin entered
2021-05-02 12:50:37 : TAB
2021-05-02 12:50:38 : In Loop
2021-05-02 12:50:38 : DOWN
2021-05-02 12:50:39 : In Loop
2021-05-02 12:50:39 : DOWN
2021-05-02 12:50:40 : In Loop
2021-05-02 12:50:40 : DOWN
2021-05-02 12:50:40 : In Loop
2021-05-02 12:50:40 : DOWN
2021-05-02 12:50:41 : In Loop
2021-05-02 12:50:41 : DOWN
2021-05-02 12:50:42 : In Loop
2021-05-02 12:50:42 : DOWN
2021-05-02 12:50:42 : In Loop
2021-05-02 12:50:43 : DOWN
2021-05-02 12:50:43 : In Loop
2021-05-02 12:50:43 : DOWN
2021-05-02 12:50:44 : TAB
2021-05-02 12:50:45 : DOWN
2021-05-02 12:50:45 : SPACE
2021-05-02 12:50:46 : Certificate is choosed
2021-05-02 12:50:46 : TAB
2021-05-02 12:50:46 : Finished works on ارتباط با توکن
2021-05-02 12:50:46 : Bye buddy :)
