2021-05-02 13:02:02 : Hi buddy :)
2021-05-02 13:02:02 : Sign with input variables: 
 RoleIndex = 7, Pin = 1111, Count of Certificates = 10
2021-05-02 13:02:03 : Find window named Launch Application
2021-05-02 13:02:04 : Finished works on Launch Application
2021-05-02 13:02:11 : Find window named ارتباط با توکن
2021-05-02 13:02:13 : Pin entered
2021-05-02 13:02:21 : TAB
2021-05-02 13:02:22 : In Loop
2021-05-02 13:02:22 : DOWN
2021-05-02 13:02:22 : In Loop
2021-05-02 13:02:22 : DOWN
2021-05-02 13:02:23 : In Loop
2021-05-02 13:02:23 : DOWN
2021-05-02 13:02:24 : In Loop
2021-05-02 13:02:24 : DOWN
2021-05-02 13:02:25 : In Loop
2021-05-02 13:02:25 : DOWN
2021-05-02 13:02:25 : In Loop
2021-05-02 13:02:25 : DOWN
2021-05-02 13:02:26 : In Loop
2021-05-02 13:02:26 : DOWN
2021-05-02 13:02:27 : In Loop
2021-05-02 13:02:27 : DOWN
2021-05-02 13:02:28 : TAB
2021-05-02 13:02:28 : DOWN
2021-05-02 13:02:29 : SPACE
2021-05-02 13:02:29 : Certificate is choosed
2021-05-02 13:02:29 : TAB
2021-05-02 13:02:30 : Finished works on ارتباط با توکن
2021-05-02 13:02:30 : Bye buddy :)
