2021-04-28 15:35:33 : Hi buddy :)
2021-04-28 15:35:33 : Sign with input variables: 
 RoleIndex = 7, Pin = 1111, Count of Certificates = 10
2021-04-28 15:35:34 : Find window named Launch Application
2021-04-28 15:35:35 : Finished works on Launch Application
2021-04-28 15:35:46 : Find window named ارتباط با توکن
2021-04-28 15:35:48 : Pin entered
2021-04-28 15:35:56 : TAB
2021-04-28 15:35:57 : In Loop
2021-04-28 15:35:57 : DOWN
2021-04-28 15:35:58 : In Loop
2021-04-28 15:35:58 : DOWN
2021-04-28 15:35:58 : In Loop
2021-04-28 15:35:58 : DOWN
2021-04-28 15:35:59 : In Loop
2021-04-28 15:35:59 : DOWN
2021-04-28 15:36:00 : In Loop
2021-04-28 15:36:00 : DOWN
2021-04-28 15:36:00 : In Loop
2021-04-28 15:36:00 : DOWN
2021-04-28 15:36:01 : In Loop
2021-04-28 15:36:01 : DOWN
2021-04-28 15:36:02 : In Loop
2021-04-28 15:36:02 : DOWN
2021-04-28 15:36:03 : TAB
2021-04-28 15:36:03 : DOWN
2021-04-28 15:36:04 : SPACE
2021-04-28 15:36:05 : Certificate is choosed
2021-04-28 15:36:05 : TAB
2021-04-28 15:36:05 : Finished works on ارتباط با توکن
2021-04-28 15:36:05 : Bye buddy :)
