2021-05-11 14:27:14 : Hi buddy :)
2021-05-11 14:27:14 : Sign with input variables: 
 RoleIndex = 7, Pin = 1111, Count of Certificates = 10
2021-05-11 14:27:15 : Find window named Launch Application
2021-05-11 14:27:16 : Finished works on Launch Application
2021-05-11 14:27:23 : Find window named ارتباط با توکن
2021-05-11 14:27:26 : Pin entered
2021-05-11 14:27:34 : TAB
2021-05-11 14:27:35 : In Loop
2021-05-11 14:27:35 : DOWN
2021-05-11 14:27:35 : In Loop
2021-05-11 14:27:35 : DOWN
2021-05-11 14:27:36 : In Loop
2021-05-11 14:27:36 : DOWN
2021-05-11 14:27:37 : In Loop
2021-05-11 14:27:37 : DOWN
2021-05-11 14:27:37 : In Loop
2021-05-11 14:27:37 : DOWN
2021-05-11 14:27:38 : In Loop
2021-05-11 14:27:38 : DOWN
2021-05-11 14:27:39 : In Loop
2021-05-11 14:27:39 : DOWN
2021-05-11 14:27:40 : In Loop
2021-05-11 14:27:40 : DOWN
2021-05-11 14:27:40 : TAB
2021-05-11 14:27:41 : DOWN
2021-05-11 14:27:42 : SPACE
2021-05-11 14:27:42 : Certificate is choosed
2021-05-11 14:27:42 : TAB
2021-05-11 14:27:43 : Finished works on ارتباط با توکن
2021-05-11 14:27:43 : Bye buddy :)
