2021-05-11 16:26:20 : Hi buddy :)
2021-05-11 16:26:20 : Sign with input variables: 
 RoleIndex = 7, Pin = 1111, Count of Certificates = 10
2021-05-11 16:26:21 : Find window named Launch Application
2021-05-11 16:26:22 : Finished works on Launch Application
2021-05-11 16:26:44 : Find window named ارتباط با توکن
2021-05-11 16:26:46 : Pin entered
2021-05-11 16:26:54 : TAB
2021-05-11 16:26:55 : In Loop
2021-05-11 16:26:55 : DOWN
2021-05-11 16:26:55 : In Loop
2021-05-11 16:26:55 : DOWN
2021-05-11 16:26:56 : In Loop
2021-05-11 16:26:56 : DOWN
2021-05-11 16:26:57 : In Loop
2021-05-11 16:26:57 : DOWN
2021-05-11 16:26:58 : In Loop
2021-05-11 16:26:58 : DOWN
2021-05-11 16:26:58 : In Loop
2021-05-11 16:26:58 : DOWN
2021-05-11 16:26:59 : In Loop
2021-05-11 16:26:59 : DOWN
2021-05-11 16:27:00 : In Loop
2021-05-11 16:27:00 : DOWN
2021-05-11 16:27:00 : TAB
2021-05-11 16:27:01 : DOWN
2021-05-11 16:27:02 : SPACE
2021-05-11 16:27:02 : Certificate is choosed
2021-05-11 16:27:02 : TAB
2021-05-11 16:27:03 : Finished works on ارتباط با توکن
2021-05-11 16:27:03 : Bye buddy :)
