2021-05-11 16:29:58 : Hi buddy :)
2021-05-11 16:29:58 : Sign with input variables: 
 RoleIndex = 7, Pin = 1111, Count of Certificates = 10
2021-05-11 16:29:59 : Find window named Launch Application
2021-05-11 16:30:00 : Finished works on Launch Application
2021-05-11 16:30:22 : Find window named ارتباط با توکن
2021-05-11 16:30:24 : Pin entered
2021-05-11 16:30:32 : TAB
2021-05-11 16:30:33 : In Loop
2021-05-11 16:30:33 : DOWN
2021-05-11 16:30:34 : In Loop
2021-05-11 16:30:34 : DOWN
2021-05-11 16:30:34 : In Loop
2021-05-11 16:30:34 : DOWN
2021-05-11 16:30:35 : In Loop
2021-05-11 16:30:35 : DOWN
2021-05-11 16:30:36 : In Loop
2021-05-11 16:30:36 : DOWN
2021-05-11 16:30:36 : In Loop
2021-05-11 16:30:36 : DOWN
2021-05-11 16:30:37 : In Loop
2021-05-11 16:30:37 : DOWN
2021-05-11 16:30:38 : In Loop
2021-05-11 16:30:38 : DOWN
2021-05-11 16:30:39 : TAB
2021-05-11 16:30:39 : DOWN
2021-05-11 16:30:40 : SPACE
2021-05-11 16:30:41 : Certificate is choosed
2021-05-11 16:30:41 : TAB
2021-05-11 16:30:41 : Finished works on ارتباط با توکن
2021-05-11 16:30:41 : Bye buddy :)
