2021-05-10 10:55:14 : Hi buddy :)
2021-05-10 10:55:14 : Sign with input variables: 
 RoleIndex = 7, Pin = 1111, Count of Certificates = 10
2021-05-10 10:55:14 : Find window named Launch Application
2021-05-10 10:55:16 : Finished works on Launch Application
2021-05-10 10:55:22 : Find window named ارتباط با توکن
2021-05-10 10:55:24 : Pin entered
2021-05-10 10:55:32 : TAB
2021-05-10 10:55:33 : In Loop
2021-05-10 10:55:33 : DOWN
2021-05-10 10:55:33 : In Loop
2021-05-10 10:55:33 : DOWN
2021-05-10 10:55:34 : In Loop
2021-05-10 10:55:34 : DOWN
2021-05-10 10:55:35 : In Loop
2021-05-10 10:55:35 : DOWN
2021-05-10 10:55:36 : In Loop
2021-05-10 10:55:36 : DOWN
2021-05-10 10:55:36 : In Loop
2021-05-10 10:55:36 : DOWN
2021-05-10 10:55:37 : In Loop
2021-05-10 10:55:37 : DOWN
2021-05-10 10:55:38 : In Loop
2021-05-10 10:55:38 : DOWN
2021-05-10 10:55:38 : TAB
2021-05-10 10:55:39 : DOWN
2021-05-10 10:55:40 : SPACE
2021-05-10 10:55:40 : Certificate is choosed
2021-05-10 10:55:40 : TAB
2021-05-10 10:55:41 : Finished works on ارتباط با توکن
2021-05-10 10:55:41 : Bye buddy :)
