2021-05-11 19:46:00 : Hi buddy :)
2021-05-11 19:46:00 : Sign with input variables: 
 RoleIndex = 7, Pin = 1111, Count of Certificates = 10
2021-05-11 19:46:01 : Find window named Launch Application
2021-05-11 19:46:02 : Finished works on Launch Application
2021-05-11 19:46:10 : Find window named ارتباط با توکن
2021-05-11 19:46:13 : Pin entered
2021-05-11 19:46:20 : TAB
2021-05-11 19:46:21 : In Loop
2021-05-11 19:46:21 : DOWN
2021-05-11 19:46:22 : In Loop
2021-05-11 19:46:22 : DOWN
2021-05-11 19:46:23 : In Loop
2021-05-11 19:46:23 : DOWN
2021-05-11 19:46:23 : In Loop
2021-05-11 19:46:23 : DOWN
2021-05-11 19:46:24 : In Loop
2021-05-11 19:46:24 : DOWN
2021-05-11 19:46:25 : In Loop
2021-05-11 19:46:25 : DOWN
2021-05-11 19:46:25 : In Loop
2021-05-11 19:46:25 : DOWN
2021-05-11 19:46:26 : In Loop
2021-05-11 19:46:26 : DOWN
2021-05-11 19:46:27 : TAB
2021-05-11 19:46:28 : DOWN
2021-05-11 19:46:28 : SPACE
2021-05-11 19:46:29 : Certificate is choosed
2021-05-11 19:46:29 : TAB
2021-05-11 19:46:29 : Finished works on ارتباط با توکن
2021-05-11 19:46:29 : Bye buddy :)
