2021-05-02 14:28:00 : Hi buddy :)
2021-05-02 14:28:00 : Sign with input variables: 
 RoleIndex = 7, Pin = 1111, Count of Certificates = 10
2021-05-02 14:28:01 : Find window named Launch Application
2021-05-02 14:28:02 : Finished works on Launch Application
2021-05-02 14:28:09 : Find window named ارتباط با توکن
2021-05-02 14:28:12 : Pin entered
2021-05-02 14:28:19 : TAB
2021-05-02 14:28:20 : In Loop
2021-05-02 14:28:20 : DOWN
2021-05-02 14:28:21 : In Loop
2021-05-02 14:28:21 : DOWN
2021-05-02 14:28:21 : In Loop
2021-05-02 14:28:21 : DOWN
2021-05-02 14:28:22 : In Loop
2021-05-02 14:28:22 : DOWN
2021-05-02 14:28:23 : In Loop
2021-05-02 14:28:23 : DOWN
2021-05-02 14:28:24 : In Loop
2021-05-02 14:28:24 : DOWN
2021-05-02 14:28:24 : In Loop
2021-05-02 14:28:24 : DOWN
2021-05-02 14:28:25 : In Loop
2021-05-02 14:28:25 : DOWN
2021-05-02 14:28:26 : TAB
2021-05-02 14:28:27 : DOWN
2021-05-02 14:28:27 : SPACE
2021-05-02 14:28:28 : Certificate is choosed
2021-05-02 14:28:28 : TAB
2021-05-02 14:28:28 : Finished works on ارتباط با توکن
2021-05-02 14:28:28 : Bye buddy :)
