2021-05-11 13:06:42 : Hi buddy :)
2021-05-11 13:06:42 : Sign with input variables: 
 RoleIndex = 7, Pin = 1111, Count of Certificates = 10
2021-05-11 13:06:43 : Find window named Launch Application
2021-05-11 13:06:44 : Finished works on Launch Application
2021-05-11 13:06:51 : Find window named ارتباط با توکن
2021-05-11 13:06:53 : Pin entered
2021-05-11 13:07:01 : TAB
2021-05-11 13:07:02 : In Loop
2021-05-11 13:07:02 : DOWN
2021-05-11 13:07:03 : In Loop
2021-05-11 13:07:03 : DOWN
2021-05-11 13:07:03 : In Loop
2021-05-11 13:07:03 : DOWN
2021-05-11 13:07:04 : In Loop
2021-05-11 13:07:04 : DOWN
2021-05-11 13:07:05 : In Loop
2021-05-11 13:07:05 : DOWN
2021-05-11 13:07:06 : In Loop
2021-05-11 13:07:06 : DOWN
2021-05-11 13:07:06 : In Loop
2021-05-11 13:07:06 : DOWN
2021-05-11 13:07:07 : In Loop
2021-05-11 13:07:07 : DOWN
2021-05-11 13:07:08 : TAB
2021-05-11 13:07:08 : DOWN
2021-05-11 13:07:09 : SPACE
2021-05-11 13:07:10 : Certificate is choosed
2021-05-11 13:07:10 : TAB
2021-05-11 13:07:10 : Finished works on ارتباط با توکن
2021-05-11 13:07:10 : Bye buddy :)
