2021-05-10 11:06:17 : Hi buddy :)
2021-05-10 11:06:17 : Sign with input variables: 
 RoleIndex = 7, Pin = 1111, Count of Certificates = 10
2021-05-10 11:06:18 : Find window named Launch Application
2021-05-10 11:06:19 : Finished works on Launch Application
2021-05-10 11:06:26 : Find window named ارتباط با توکن
2021-05-10 11:06:29 : Pin entered
2021-05-10 11:06:36 : TAB
2021-05-10 11:06:37 : In Loop
2021-05-10 11:06:37 : DOWN
2021-05-10 11:06:38 : In Loop
2021-05-10 11:06:38 : DOWN
2021-05-10 11:06:39 : In Loop
2021-05-10 11:06:39 : DOWN
2021-05-10 11:06:40 : In Loop
2021-05-10 11:06:40 : DOWN
2021-05-10 11:06:40 : In Loop
2021-05-10 11:06:40 : DOWN
2021-05-10 11:06:41 : In Loop
2021-05-10 11:06:41 : DOWN
2021-05-10 11:06:42 : In Loop
2021-05-10 11:06:42 : DOWN
2021-05-10 11:06:42 : In Loop
2021-05-10 11:06:42 : DOWN
2021-05-10 11:06:43 : TAB
2021-05-10 11:06:44 : DOWN
2021-05-10 11:06:45 : SPACE
2021-05-10 11:06:45 : Certificate is choosed
2021-05-10 11:06:45 : TAB
2021-05-10 11:06:46 : Finished works on ارتباط با توکن
2021-05-10 11:06:46 : Bye buddy :)
