2021-04-27 11:21:44 : Hi buddy :)
2021-04-27 11:21:44 : Sign with input variables: 
 RoleIndex = 7, Pin = 1111, Count of Certificates = 10
2021-04-27 11:21:45 : Find window named Launch Application
2021-04-27 11:21:47 : Finished works on Launch Application
2021-04-27 11:21:53 : Find window named ارتباط با توکن
2021-04-27 11:21:56 : Pin entered
2021-04-27 11:22:03 : TAB
2021-04-27 11:22:04 : In Loop
2021-04-27 11:22:04 : DOWN
2021-04-27 11:22:05 : In Loop
2021-04-27 11:22:05 : DOWN
2021-04-27 11:22:06 : In Loop
2021-04-27 11:22:06 : DOWN
2021-04-27 11:22:06 : In Loop
2021-04-27 11:22:06 : DOWN
2021-04-27 11:22:07 : In Loop
2021-04-27 11:22:07 : DOWN
2021-04-27 11:22:08 : In Loop
2021-04-27 11:22:08 : DOWN
2021-04-27 11:22:09 : In Loop
2021-04-27 11:22:09 : DOWN
2021-04-27 11:22:09 : In Loop
2021-04-27 11:22:09 : DOWN
2021-04-27 11:22:10 : TAB
2021-04-27 11:22:11 : DOWN
2021-04-27 11:22:11 : SPACE
2021-04-27 11:22:12 : Certificate is choosed
2021-04-27 11:22:12 : TAB
2021-04-27 11:22:12 : Finished works on ارتباط با توکن
2021-04-27 11:22:12 : Bye buddy :)
