2021-05-10 11:02:35 : Hi buddy :)
2021-05-10 11:02:35 : Sign with input variables: 
 RoleIndex = 7, Pin = 1111, Count of Certificates = 10
2021-05-10 11:02:35 : Find window named Launch Application
2021-05-10 11:02:37 : Finished works on Launch Application
2021-05-10 11:02:45 : Find window named ارتباط با توکن
2021-05-10 11:02:48 : Pin entered
2021-05-10 11:02:55 : TAB
2021-05-10 11:02:56 : In Loop
2021-05-10 11:02:56 : DOWN
2021-05-10 11:02:57 : In Loop
2021-05-10 11:02:57 : DOWN
2021-05-10 11:02:58 : In Loop
2021-05-10 11:02:58 : DOWN
2021-05-10 11:02:58 : In Loop
2021-05-10 11:02:58 : DOWN
2021-05-10 11:02:59 : In Loop
2021-05-10 11:02:59 : DOWN
2021-05-10 11:03:00 : In Loop
2021-05-10 11:03:00 : DOWN
2021-05-10 11:03:01 : In Loop
2021-05-10 11:03:01 : DOWN
2021-05-10 11:03:01 : In Loop
2021-05-10 11:03:01 : DOWN
2021-05-10 11:03:02 : TAB
2021-05-10 11:03:03 : DOWN
2021-05-10 11:03:03 : SPACE
2021-05-10 11:03:04 : Certificate is choosed
2021-05-10 11:03:04 : TAB
2021-05-10 11:03:04 : Finished works on ارتباط با توکن
2021-05-10 11:03:04 : Bye buddy :)
