2021-05-02 14:31:00 : Hi buddy :)
2021-05-02 14:31:00 : Sign with input variables: 
 RoleIndex = 7, Pin = 1111, Count of Certificates = 10
2021-05-02 14:31:00 : Find window named Launch Application
2021-05-02 14:31:02 : Finished works on Launch Application
2021-05-02 14:31:03 : Find window named Launch Application
2021-05-02 14:31:05 : Finished works on Launch Application
2021-05-02 14:31:06 : Find window named Launch Application
2021-05-02 14:31:08 : Finished works on Launch Application
2021-05-02 14:31:14 : Find window named ارتباط با توکن
2021-05-02 14:31:17 : Pin entered
2021-05-02 14:31:24 : TAB
2021-05-02 14:31:25 : In Loop
2021-05-02 14:31:25 : DOWN
2021-05-02 14:31:26 : In Loop
2021-05-02 14:31:26 : DOWN
2021-05-02 14:31:27 : In Loop
2021-05-02 14:31:27 : DOWN
2021-05-02 14:31:27 : In Loop
2021-05-02 14:31:27 : DOWN
2021-05-02 14:31:28 : In Loop
2021-05-02 14:31:28 : DOWN
2021-05-02 14:31:29 : In Loop
2021-05-02 14:31:29 : DOWN
2021-05-02 14:31:29 : In Loop
2021-05-02 14:31:29 : DOWN
2021-05-02 14:31:30 : In Loop
2021-05-02 14:31:30 : DOWN
