2021-05-11 15:19:18 : Hi buddy :)
2021-05-11 15:19:18 : Sign with input variables: 
 RoleIndex = 7, Pin = 1111, Count of Certificates = 10
2021-05-11 15:19:19 : Find window named Launch Application
2021-05-11 15:19:21 : Finished works on Launch Application
2021-05-11 15:19:28 : Find window named ارتباط با توکن
2021-05-11 15:19:31 : Pin entered
2021-05-11 15:19:38 : TAB
2021-05-11 15:19:39 : In Loop
2021-05-11 15:19:39 : DOWN
2021-05-11 15:19:40 : In Loop
2021-05-11 15:19:40 : DOWN
2021-05-11 15:19:41 : In Loop
2021-05-11 15:19:41 : DOWN
2021-05-11 15:19:41 : In Loop
2021-05-11 15:19:41 : DOWN
2021-05-11 15:19:42 : In Loop
2021-05-11 15:19:42 : DOWN
2021-05-11 15:19:43 : In Loop
2021-05-11 15:19:43 : DOWN
2021-05-11 15:19:43 : In Loop
2021-05-11 15:19:43 : DOWN
2021-05-11 15:19:44 : In Loop
2021-05-11 15:19:44 : DOWN
2021-05-11 15:19:45 : TAB
2021-05-11 15:19:46 : DOWN
2021-05-11 15:19:46 : SPACE
2021-05-11 15:19:47 : Certificate is choosed
2021-05-11 15:19:47 : TAB
2021-05-11 15:19:47 : Finished works on ارتباط با توکن
2021-05-11 15:19:47 : Bye buddy :)
