2021-05-15 14:56:36 : Hi buddy :)
2021-05-15 14:56:36 : Sign with input variables: 
 RoleIndex = 7, Pin = 1111, Count of Certificates = 10
2021-05-15 14:56:37 : Find window named Launch Application
2021-05-15 14:56:38 : Finished works on Launch Application
2021-05-15 14:56:44 : Find window named ارتباط با توکن
2021-05-15 14:56:47 : Pin entered
2021-05-15 14:56:54 : TAB
2021-05-15 14:56:55 : In Loop
2021-05-15 14:56:55 : DOWN
2021-05-15 14:56:56 : In Loop
2021-05-15 14:56:56 : DOWN
2021-05-15 14:56:57 : In Loop
2021-05-15 14:56:57 : DOWN
2021-05-15 14:56:58 : In Loop
2021-05-15 14:56:58 : DOWN
2021-05-15 14:56:58 : In Loop
2021-05-15 14:56:58 : DOWN
2021-05-15 14:56:59 : In Loop
2021-05-15 14:56:59 : DOWN
2021-05-15 14:57:00 : In Loop
2021-05-15 14:57:00 : DOWN
2021-05-15 14:57:01 : In Loop
2021-05-15 14:57:01 : DOWN
2021-05-15 14:57:01 : TAB
2021-05-15 14:57:02 : DOWN
2021-05-15 14:57:03 : SPACE
2021-05-15 14:57:03 : Certificate is choosed
2021-05-15 14:57:03 : TAB
2021-05-15 14:57:04 : Finished works on ارتباط با توکن
2021-05-15 14:57:04 : Bye buddy :)
