2021-05-11 15:55:08 : Hi buddy :)
2021-05-11 15:55:08 : Sign with input variables: 
 RoleIndex = 7, Pin = 1111, Count of Certificates = 10
2021-05-11 15:55:08 : Find window named Launch Application
2021-05-11 15:55:10 : Finished works on Launch Application
2021-05-11 15:55:16 : Find window named ارتباط با توکن
2021-05-11 15:55:18 : Pin entered
2021-05-11 15:55:26 : TAB
2021-05-11 15:55:27 : In Loop
2021-05-11 15:55:27 : DOWN
2021-05-11 15:55:27 : In Loop
2021-05-11 15:55:27 : DOWN
2021-05-11 15:55:28 : In Loop
2021-05-11 15:55:28 : DOWN
2021-05-11 15:55:29 : In Loop
2021-05-11 15:55:29 : DOWN
2021-05-11 15:55:30 : In Loop
2021-05-11 15:55:30 : DOWN
2021-05-11 15:55:30 : In Loop
2021-05-11 15:55:30 : DOWN
2021-05-11 15:55:31 : In Loop
2021-05-11 15:55:31 : DOWN
2021-05-11 15:55:32 : In Loop
2021-05-11 15:55:32 : DOWN
2021-05-11 15:55:33 : TAB
2021-05-11 15:55:33 : DOWN
2021-05-11 15:55:34 : SPACE
2021-05-11 15:55:34 : Certificate is choosed
2021-05-11 15:55:34 : TAB
2021-05-11 15:55:35 : Finished works on ارتباط با توکن
2021-05-11 15:55:35 : Bye buddy :)
