2021-05-10 13:39:45 : Hi buddy :)
2021-05-10 13:39:45 : Sign with input variables: 
 RoleIndex = 7, Pin = 1111, Count of Certificates = 10
2021-05-10 13:39:46 : Find window named Launch Application
2021-05-10 13:39:47 : Finished works on Launch Application
2021-05-10 13:39:53 : Find window named ارتباط با توکن
2021-05-10 13:39:56 : Pin entered
2021-05-10 13:40:03 : TAB
2021-05-10 13:40:04 : In Loop
2021-05-10 13:40:04 : DOWN
2021-05-10 13:40:05 : In Loop
2021-05-10 13:40:05 : DOWN
2021-05-10 13:40:06 : In Loop
2021-05-10 13:40:06 : DOWN
2021-05-10 13:40:06 : In Loop
2021-05-10 13:40:06 : DOWN
2021-05-10 13:40:07 : In Loop
2021-05-10 13:40:07 : DOWN
2021-05-10 13:40:08 : In Loop
2021-05-10 13:40:08 : DOWN
2021-05-10 13:40:09 : In Loop
2021-05-10 13:40:09 : DOWN
2021-05-10 13:40:09 : In Loop
2021-05-10 13:40:09 : DOWN
2021-05-10 13:40:10 : TAB
2021-05-10 13:40:11 : DOWN
2021-05-10 13:40:11 : SPACE
2021-05-10 13:40:12 : Certificate is choosed
2021-05-10 13:40:12 : TAB
2021-05-10 13:40:12 : Finished works on ارتباط با توکن
2021-05-10 13:40:12 : Bye buddy :)
