2021-05-11 15:50:33 : Hi buddy :)
2021-05-11 15:50:33 : Sign with input variables: 
 RoleIndex = 7, Pin = 1111, Count of Certificates = 10
2021-05-11 15:50:34 : Find window named Launch Application
2021-05-11 15:50:35 : Finished works on Launch Application
2021-05-11 15:50:41 : Find window named ارتباط با توکن
2021-05-11 15:50:44 : Pin entered
2021-05-11 15:50:52 : TAB
2021-05-11 15:50:53 : In Loop
2021-05-11 15:50:53 : DOWN
2021-05-11 15:50:53 : In Loop
2021-05-11 15:50:53 : DOWN
2021-05-11 15:50:54 : In Loop
2021-05-11 15:50:54 : DOWN
2021-05-11 15:50:55 : In Loop
2021-05-11 15:50:55 : DOWN
2021-05-11 15:50:55 : In Loop
2021-05-11 15:50:55 : DOWN
2021-05-11 15:50:56 : In Loop
2021-05-11 15:50:56 : DOWN
2021-05-11 15:50:57 : In Loop
2021-05-11 15:50:57 : DOWN
2021-05-11 15:50:58 : In Loop
2021-05-11 15:50:58 : DOWN
2021-05-11 15:50:58 : TAB
2021-05-11 15:50:59 : DOWN
2021-05-11 15:51:00 : SPACE
2021-05-11 15:51:00 : Certificate is choosed
2021-05-11 15:51:00 : TAB
2021-05-11 15:51:01 : Finished works on ارتباط با توکن
2021-05-11 15:51:01 : Bye buddy :)
