2021-05-02 12:03:29 : Hi buddy :)
2021-05-02 12:03:29 : Sign with input variables: 
 RoleIndex = 7, Pin = 1111, Count of Certificates = 10
2021-05-02 12:03:30 : Find window named Launch Application
2021-05-02 12:03:32 : Finished works on Launch Application
2021-05-02 12:03:38 : Find window named ارتباط با توکن
2021-05-02 12:03:41 : Pin entered
2021-05-02 12:03:48 : TAB
2021-05-02 12:03:49 : In Loop
2021-05-02 12:03:49 : DOWN
2021-05-02 12:03:50 : In Loop
2021-05-02 12:03:50 : DOWN
2021-05-02 12:03:51 : In Loop
2021-05-02 12:03:51 : DOWN
2021-05-02 12:03:51 : In Loop
2021-05-02 12:03:51 : DOWN
2021-05-02 12:03:52 : In Loop
2021-05-02 12:03:52 : DOWN
2021-05-02 12:03:53 : In Loop
2021-05-02 12:03:53 : DOWN
2021-05-02 12:03:53 : In Loop
2021-05-02 12:03:53 : DOWN
2021-05-02 12:03:54 : In Loop
2021-05-02 12:03:54 : DOWN
2021-05-02 12:03:55 : TAB
2021-05-02 12:03:56 : DOWN
2021-05-02 12:03:56 : SPACE
2021-05-02 12:03:57 : Certificate is choosed
2021-05-02 12:03:57 : TAB
2021-05-02 12:03:57 : Finished works on ارتباط با توکن
2021-05-02 12:03:57 : Bye buddy :)
