2021-05-02 12:11:39 : Hi buddy :)
2021-05-02 12:11:39 : Sign with input variables: 
 RoleIndex = 7, Pin = 1111, Count of Certificates = 10
2021-05-02 12:11:40 : Find window named Launch Application
2021-05-02 12:11:41 : Finished works on Launch Application
2021-05-02 12:11:48 : Find window named ارتباط با توکن
2021-05-02 12:11:51 : Pin entered
2021-05-02 12:11:59 : TAB
2021-05-02 12:12:00 : In Loop
2021-05-02 12:12:00 : DOWN
2021-05-02 12:12:00 : In Loop
2021-05-02 12:12:00 : DOWN
2021-05-02 12:12:01 : In Loop
2021-05-02 12:12:01 : DOWN
2021-05-02 12:12:02 : In Loop
2021-05-02 12:12:02 : DOWN
2021-05-02 12:12:02 : In Loop
2021-05-02 12:12:02 : DOWN
2021-05-02 12:12:03 : In Loop
2021-05-02 12:12:03 : DOWN
2021-05-02 12:12:04 : In Loop
2021-05-02 12:12:04 : DOWN
2021-05-02 12:12:05 : In Loop
2021-05-02 12:12:05 : DOWN
2021-05-02 12:12:05 : TAB
2021-05-02 12:12:06 : DOWN
2021-05-02 12:12:07 : SPACE
2021-05-02 12:12:07 : Certificate is choosed
2021-05-02 12:12:07 : TAB
2021-05-02 12:12:08 : Finished works on ارتباط با توکن
2021-05-02 12:12:08 : Bye buddy :)
