2021-04-28 15:39:35 : Hi buddy :)
2021-04-28 15:39:35 : Sign with input variables: 
 RoleIndex = 7, Pin = 1111, Count of Certificates = 10
2021-04-28 15:39:35 : Find window named Launch Application
2021-04-28 15:39:37 : Finished works on Launch Application
2021-04-28 15:39:43 : Find window named ارتباط با توکن
2021-04-28 15:39:46 : Pin entered
2021-04-28 15:39:53 : TAB
2021-04-28 15:39:54 : In Loop
2021-04-28 15:39:54 : DOWN
2021-04-28 15:39:55 : In Loop
2021-04-28 15:39:55 : DOWN
2021-04-28 15:39:56 : In Loop
2021-04-28 15:39:56 : DOWN
2021-04-28 15:39:57 : In Loop
2021-04-28 15:39:57 : DOWN
2021-04-28 15:39:57 : In Loop
2021-04-28 15:39:57 : DOWN
2021-04-28 15:39:58 : In Loop
2021-04-28 15:39:58 : DOWN
2021-04-28 15:39:59 : In Loop
2021-04-28 15:39:59 : DOWN
2021-04-28 15:39:59 : In Loop
2021-04-28 15:39:59 : DOWN
2021-04-28 15:40:00 : TAB
2021-04-28 15:40:01 : DOWN
2021-04-28 15:40:02 : SPACE
2021-04-28 15:40:02 : Certificate is choosed
2021-04-28 15:40:02 : TAB
2021-04-28 15:40:03 : Finished works on ارتباط با توکن
2021-04-28 15:40:03 : Bye buddy :)
