2021-05-11 13:00:04 : Hi buddy :)
2021-05-11 13:00:04 : Sign with input variables: 
 RoleIndex = 7, Pin = 1111, Count of Certificates = 10
2021-05-11 13:00:04 : Find window named Launch Application
2021-05-11 13:00:06 : Finished works on Launch Application
2021-05-11 13:00:13 : Find window named ارتباط با توکن
2021-05-11 13:00:15 : Pin entered
2021-05-11 13:00:23 : TAB
2021-05-11 13:00:24 : In Loop
2021-05-11 13:00:24 : DOWN
2021-05-11 13:00:25 : In Loop
2021-05-11 13:00:25 : DOWN
2021-05-11 13:00:25 : In Loop
2021-05-11 13:00:25 : DOWN
2021-05-11 13:00:26 : In Loop
2021-05-11 13:00:26 : DOWN
2021-05-11 13:00:27 : In Loop
2021-05-11 13:00:27 : DOWN
2021-05-11 13:00:28 : In Loop
2021-05-11 13:00:28 : DOWN
2021-05-11 13:00:28 : In Loop
2021-05-11 13:00:28 : DOWN
2021-05-11 13:00:29 : In Loop
2021-05-11 13:00:29 : DOWN
2021-05-11 13:00:30 : TAB
2021-05-11 13:00:30 : DOWN
2021-05-11 13:00:31 : SPACE
2021-05-11 13:00:32 : Certificate is choosed
2021-05-11 13:00:32 : TAB
2021-05-11 13:00:32 : Finished works on ارتباط با توکن
2021-05-11 13:00:32 : Bye buddy :)
