2021-05-11 19:21:12 : Hi buddy :)
2021-05-11 19:21:12 : Sign with input variables: 
 RoleIndex = 7, Pin = 1111, Count of Certificates = 10
2021-05-11 19:21:12 : Find window named Launch Application
2021-05-11 19:21:14 : Finished works on Launch Application
2021-05-11 19:21:36 : Find window named ارتباط با توکن
2021-05-11 19:21:38 : Pin entered
2021-05-11 19:21:46 : TAB
2021-05-11 19:21:47 : In Loop
2021-05-11 19:21:47 : DOWN
2021-05-11 19:21:48 : In Loop
2021-05-11 19:21:48 : DOWN
2021-05-11 19:21:48 : In Loop
2021-05-11 19:21:48 : DOWN
2021-05-11 19:21:49 : In Loop
2021-05-11 19:21:49 : DOWN
2021-05-11 19:21:50 : In Loop
2021-05-11 19:21:50 : DOWN
2021-05-11 19:21:50 : In Loop
2021-05-11 19:21:50 : DOWN
2021-05-11 19:21:51 : In Loop
2021-05-11 19:21:51 : DOWN
2021-05-11 19:21:52 : In Loop
2021-05-11 19:21:52 : DOWN
2021-05-11 19:21:53 : TAB
2021-05-11 19:21:53 : DOWN
2021-05-11 19:21:54 : SPACE
2021-05-11 19:21:55 : Certificate is choosed
2021-05-11 19:21:55 : TAB
2021-05-11 19:21:55 : Finished works on ارتباط با توکن
2021-05-11 19:21:55 : Bye buddy :)
