2021-04-28 16:07:34 : Hi buddy :)
2021-04-28 16:07:34 : Sign with input variables: 
 RoleIndex = 7, Pin = 1111, Count of Certificates = 10
2021-04-28 16:07:35 : Find window named Launch Application
2021-04-28 16:07:36 : Finished works on Launch Application
2021-04-28 16:07:43 : Find window named ارتباط با توکن
2021-04-28 16:07:45 : Pin entered
2021-04-28 16:07:53 : TAB
2021-04-28 16:07:54 : In Loop
2021-04-28 16:07:54 : DOWN
2021-04-28 16:07:55 : In Loop
2021-04-28 16:07:55 : DOWN
2021-04-28 16:07:55 : In Loop
2021-04-28 16:07:55 : DOWN
2021-04-28 16:07:56 : In Loop
2021-04-28 16:07:56 : DOWN
2021-04-28 16:07:57 : In Loop
2021-04-28 16:07:57 : DOWN
2021-04-28 16:07:57 : In Loop
2021-04-28 16:07:57 : DOWN
2021-04-28 16:07:58 : In Loop
2021-04-28 16:07:58 : DOWN
2021-04-28 16:07:59 : In Loop
2021-04-28 16:07:59 : DOWN
2021-04-28 16:08:00 : TAB
2021-04-28 16:08:00 : DOWN
2021-04-28 16:08:01 : SPACE
2021-04-28 16:08:02 : Certificate is choosed
2021-04-28 16:08:02 : TAB
2021-04-28 16:08:02 : Finished works on ارتباط با توکن
2021-04-28 16:08:02 : Bye buddy :)
