2021-04-28 16:14:50 : Hi buddy :)
2021-04-28 16:14:50 : Sign with input variables: 
 RoleIndex = 7, Pin = 1111, Count of Certificates = 10
2021-04-28 16:14:51 : Find window named Launch Application
2021-04-28 16:14:52 : Finished works on Launch Application
2021-04-28 16:14:59 : Find window named ارتباط با توکن
2021-04-28 16:15:01 : Pin entered
2021-04-28 16:15:09 : TAB
2021-04-28 16:15:10 : In Loop
2021-04-28 16:15:10 : DOWN
2021-04-28 16:15:10 : In Loop
2021-04-28 16:15:10 : DOWN
2021-04-28 16:15:11 : In Loop
2021-04-28 16:15:11 : DOWN
2021-04-28 16:15:12 : In Loop
2021-04-28 16:15:12 : DOWN
2021-04-28 16:15:13 : In Loop
2021-04-28 16:15:13 : DOWN
2021-04-28 16:15:13 : In Loop
2021-04-28 16:15:13 : DOWN
2021-04-28 16:15:14 : In Loop
2021-04-28 16:15:14 : DOWN
2021-04-28 16:15:15 : In Loop
2021-04-28 16:15:15 : DOWN
2021-04-28 16:15:15 : TAB
2021-04-28 16:15:16 : DOWN
2021-04-28 16:15:17 : SPACE
2021-04-28 16:15:17 : Certificate is choosed
2021-04-28 16:15:17 : TAB
2021-04-28 16:15:18 : Finished works on ارتباط با توکن
2021-04-28 16:15:18 : Bye buddy :)
