2021-05-10 14:36:37 : Hi buddy :)
2021-05-10 14:36:37 : Sign with input variables: 
 RoleIndex = 7, Pin = 1111, Count of Certificates = 10
2021-05-10 14:36:37 : Find window named Launch Application
2021-05-10 14:36:39 : Finished works on Launch Application
2021-05-10 14:36:47 : Find window named ارتباط با توکن
2021-05-10 14:36:50 : Pin entered
2021-05-10 14:36:57 : TAB
2021-05-10 14:36:58 : In Loop
2021-05-10 14:36:58 : DOWN
2021-05-10 14:36:59 : In Loop
2021-05-10 14:36:59 : DOWN
2021-05-10 14:37:00 : In Loop
2021-05-10 14:37:00 : DOWN
2021-05-10 14:37:00 : In Loop
2021-05-10 14:37:00 : DOWN
2021-05-10 14:37:01 : In Loop
2021-05-10 14:37:01 : DOWN
2021-05-10 14:37:02 : In Loop
2021-05-10 14:37:02 : DOWN
2021-05-10 14:37:02 : In Loop
2021-05-10 14:37:02 : DOWN
2021-05-10 14:37:03 : In Loop
2021-05-10 14:37:03 : DOWN
2021-05-10 14:37:04 : TAB
2021-05-10 14:37:05 : DOWN
2021-05-10 14:37:05 : SPACE
2021-05-10 14:37:06 : Certificate is choosed
2021-05-10 14:37:06 : TAB
2021-05-10 14:37:06 : Finished works on ارتباط با توکن
2021-05-10 14:37:06 : Bye buddy :)
