2021-05-11 19:38:41 : Hi buddy :)
2021-05-11 19:38:41 : Sign with input variables: 
 RoleIndex = 7, Pin = 1111, Count of Certificates = 10
2021-05-11 19:38:41 : Find window named Launch Application
2021-05-11 19:38:42 : Finished works on Launch Application
2021-05-11 19:38:50 : Find window named ارتباط با توکن
2021-05-11 19:38:52 : Pin entered
2021-05-11 19:39:00 : TAB
2021-05-11 19:39:01 : In Loop
2021-05-11 19:39:01 : DOWN
2021-05-11 19:39:02 : In Loop
2021-05-11 19:39:02 : DOWN
2021-05-11 19:39:02 : In Loop
2021-05-11 19:39:02 : DOWN
2021-05-11 19:39:03 : In Loop
2021-05-11 19:39:03 : DOWN
2021-05-11 19:39:04 : In Loop
2021-05-11 19:39:04 : DOWN
2021-05-11 19:39:04 : In Loop
2021-05-11 19:39:04 : DOWN
2021-05-11 19:39:05 : In Loop
2021-05-11 19:39:05 : DOWN
2021-05-11 19:39:06 : In Loop
2021-05-11 19:39:06 : DOWN
2021-05-11 19:39:07 : TAB
2021-05-11 19:39:07 : DOWN
2021-05-11 19:39:08 : SPACE
2021-05-11 19:39:09 : Certificate is choosed
2021-05-11 19:39:09 : TAB
2021-05-11 19:39:09 : Finished works on ارتباط با توکن
2021-05-11 19:39:09 : Bye buddy :)
