2021-05-11 19:34:04 : Hi buddy :)
2021-05-11 19:34:04 : Sign with input variables: 
 RoleIndex = 7, Pin = 1111, Count of Certificates = 10
2021-05-11 19:34:05 : Find window named Launch Application
2021-05-11 19:34:06 : Finished works on Launch Application
2021-05-11 19:34:14 : Find window named ارتباط با توکن
2021-05-11 19:34:16 : Pin entered
2021-05-11 19:34:24 : TAB
2021-05-11 19:34:25 : In Loop
2021-05-11 19:34:25 : DOWN
2021-05-11 19:34:26 : In Loop
2021-05-11 19:34:26 : DOWN
2021-05-11 19:34:26 : In Loop
2021-05-11 19:34:26 : DOWN
2021-05-11 19:34:27 : In Loop
2021-05-11 19:34:27 : DOWN
2021-05-11 19:34:28 : In Loop
2021-05-11 19:34:28 : DOWN
2021-05-11 19:34:28 : In Loop
2021-05-11 19:34:28 : DOWN
2021-05-11 19:34:29 : In Loop
2021-05-11 19:34:29 : DOWN
2021-05-11 19:34:30 : In Loop
2021-05-11 19:34:30 : DOWN
2021-05-11 19:34:31 : TAB
