2021-05-11 16:21:13 : Hi buddy :)
2021-05-11 16:21:13 : Sign with input variables: 
 RoleIndex = 7, Pin = 1111, Count of Certificates = 10
2021-05-11 16:21:14 : Find window named Launch Application
2021-05-11 16:21:15 : Finished works on Launch Application
2021-05-11 16:22:55 : Find window named ارتباط با توکن
2021-05-11 16:22:57 : Pin entered
2021-05-11 16:23:05 : TAB
2021-05-11 16:23:06 : In Loop
2021-05-11 16:23:06 : DOWN
2021-05-11 16:23:06 : In Loop
2021-05-11 16:23:06 : DOWN
2021-05-11 16:23:07 : In Loop
2021-05-11 16:23:07 : DOWN
2021-05-11 16:23:08 : In Loop
2021-05-11 16:23:08 : DOWN
2021-05-11 16:23:09 : In Loop
2021-05-11 16:23:09 : DOWN
2021-05-11 16:23:09 : In Loop
2021-05-11 16:23:09 : DOWN
2021-05-11 16:23:10 : In Loop
2021-05-11 16:23:10 : DOWN
2021-05-11 16:23:11 : In Loop
2021-05-11 16:23:11 : DOWN
2021-05-11 16:23:11 : TAB
2021-05-11 16:23:12 : DOWN
2021-05-11 16:23:13 : SPACE
2021-05-11 16:23:13 : Certificate is choosed
2021-05-11 16:23:13 : TAB
2021-05-11 16:23:14 : Finished works on ارتباط با توکن
2021-05-11 16:23:14 : Bye buddy :)
