2021-05-02 14:24:01 : Hi buddy :)
2021-05-02 14:24:01 : Sign with input variables: 
 RoleIndex = 7, Pin = 1111, Count of Certificates = 10
2021-05-02 14:24:02 : Find window named Launch Application
2021-05-02 14:24:03 : Finished works on Launch Application
2021-05-02 14:24:09 : Find window named ارتباط با توکن
2021-05-02 14:24:12 : Pin entered
2021-05-02 14:24:19 : TAB
2021-05-02 14:24:20 : In Loop
2021-05-02 14:24:20 : DOWN
2021-05-02 14:24:21 : In Loop
2021-05-02 14:24:21 : DOWN
2021-05-02 14:24:22 : In Loop
2021-05-02 14:24:22 : DOWN
2021-05-02 14:24:22 : In Loop
2021-05-02 14:24:22 : DOWN
2021-05-02 14:24:23 : In Loop
2021-05-02 14:24:23 : DOWN
2021-05-02 14:24:24 : In Loop
2021-05-02 14:24:24 : DOWN
2021-05-02 14:24:24 : In Loop
2021-05-02 14:24:24 : DOWN
2021-05-02 14:24:25 : In Loop
2021-05-02 14:24:25 : DOWN
2021-05-02 14:24:26 : TAB
2021-05-02 14:24:27 : DOWN
2021-05-02 14:24:27 : SPACE
