2021-05-10 10:46:12 : Hi buddy :)
2021-05-10 10:46:12 : Sign with input variables: 
 RoleIndex = 7, Pin = 1111, Count of Certificates = 10
2021-05-10 10:46:13 : Find window named Launch Application
2021-05-10 10:46:14 : Finished works on Launch Application
2021-05-10 10:46:21 : Find window named ارتباط با توکن
2021-05-10 10:46:23 : Pin entered
2021-05-10 10:46:31 : TAB
2021-05-10 10:46:32 : In Loop
2021-05-10 10:46:32 : DOWN
2021-05-10 10:46:33 : In Loop
2021-05-10 10:46:33 : DOWN
2021-05-10 10:46:33 : In Loop
2021-05-10 10:46:33 : DOWN
2021-05-10 10:46:34 : In Loop
2021-05-10 10:46:34 : DOWN
2021-05-10 10:46:35 : In Loop
2021-05-10 10:46:35 : DOWN
2021-05-10 10:46:35 : In Loop
2021-05-10 10:46:35 : DOWN
2021-05-10 10:46:36 : In Loop
2021-05-10 10:46:36 : DOWN
2021-05-10 10:46:37 : In Loop
2021-05-10 10:46:37 : DOWN
2021-05-10 10:46:38 : TAB
2021-05-10 10:46:38 : DOWN
2021-05-10 10:46:39 : SPACE
2021-05-10 10:46:40 : Certificate is choosed
2021-05-10 10:46:40 : TAB
2021-05-10 10:46:40 : Finished works on ارتباط با توکن
2021-05-10 10:46:40 : Bye buddy :)
