2021-05-02 13:34:39 : Hi buddy :)
2021-05-02 13:34:39 : Sign with input variables: 
 RoleIndex = 7, Pin = 1111, Count of Certificates = 10
2021-05-02 13:34:40 : Find window named Launch Application
2021-05-02 13:34:41 : Finished works on Launch Application
2021-05-02 13:34:48 : Find window named ارتباط با توکن
2021-05-02 13:34:50 : Pin entered
2021-05-02 13:34:58 : TAB
2021-05-02 13:34:59 : In Loop
2021-05-02 13:34:59 : DOWN
2021-05-02 13:35:00 : In Loop
2021-05-02 13:35:00 : DOWN
2021-05-02 13:35:00 : In Loop
2021-05-02 13:35:00 : DOWN
2021-05-02 13:35:01 : In Loop
2021-05-02 13:35:01 : DOWN
2021-05-02 13:35:02 : In Loop
2021-05-02 13:35:02 : DOWN
2021-05-02 13:35:03 : In Loop
2021-05-02 13:35:03 : DOWN
2021-05-02 13:35:03 : In Loop
2021-05-02 13:35:03 : DOWN
2021-05-02 13:35:04 : In Loop
2021-05-02 13:35:04 : DOWN
2021-05-02 13:35:05 : TAB
2021-05-02 13:35:05 : DOWN
