2021-05-11 19:48:56 : Hi buddy :)
2021-05-11 19:48:56 : Sign with input variables: 
 RoleIndex = 7, Pin = 1111, Count of Certificates = 10
2021-05-11 19:48:56 : Find window named Launch Application
2021-05-11 19:48:58 : Finished works on Launch Application
2021-05-11 19:49:06 : Find window named ارتباط با توکن
2021-05-11 19:49:08 : Pin entered
2021-05-11 19:49:16 : TAB
2021-05-11 19:49:17 : In Loop
2021-05-11 19:49:17 : DOWN
2021-05-11 19:49:18 : In Loop
2021-05-11 19:49:18 : DOWN
2021-05-11 19:49:18 : In Loop
2021-05-11 19:49:18 : DOWN
2021-05-11 19:49:19 : In Loop
2021-05-11 19:49:19 : DOWN
2021-05-11 19:49:20 : In Loop
2021-05-11 19:49:20 : DOWN
2021-05-11 19:49:21 : In Loop
2021-05-11 19:49:21 : DOWN
2021-05-11 19:49:21 : In Loop
2021-05-11 19:49:21 : DOWN
2021-05-11 19:49:22 : In Loop
2021-05-11 19:49:22 : DOWN
2021-05-11 19:49:23 : TAB
2021-05-11 19:49:23 : DOWN
2021-05-11 19:49:24 : SPACE
2021-05-11 19:49:25 : Certificate is choosed
2021-05-11 19:49:25 : TAB
2021-05-11 19:49:25 : Finished works on ارتباط با توکن
2021-05-11 19:49:25 : Bye buddy :)
