2021-04-24 13:33:20 : Hi buddy :)
2021-04-24 13:33:20 : Sign with input variables: 
 RoleIndex = 7, Pin = 1111, Count of Certificates = 10
2021-04-24 13:33:21 : Find window named Launch Application
2021-04-24 13:33:22 : Finished works on Launch Application
2021-04-24 13:33:28 : Find window named ارتباط با توکن
2021-04-24 13:33:30 : Pin entered
2021-04-24 13:33:38 : TAB
2021-04-24 13:33:39 : In Loop
2021-04-24 13:33:39 : DOWN
2021-04-24 13:33:39 : In Loop
2021-04-24 13:33:39 : DOWN
2021-04-24 13:33:40 : In Loop
2021-04-24 13:33:40 : DOWN
2021-04-24 13:33:41 : In Loop
2021-04-24 13:33:41 : DOWN
2021-04-24 13:33:42 : In Loop
2021-04-24 13:33:42 : DOWN
2021-04-24 13:33:42 : In Loop
2021-04-24 13:33:42 : DOWN
2021-04-24 13:33:43 : In Loop
2021-04-24 13:33:43 : DOWN
2021-04-24 13:33:44 : In Loop
2021-04-24 13:33:44 : DOWN
2021-04-24 13:33:45 : TAB
2021-04-24 13:33:45 : DOWN
2021-04-24 13:33:46 : SPACE
2021-04-24 13:33:46 : Certificate is choosed
2021-04-24 13:33:46 : TAB
2021-04-24 13:33:47 : Finished works on ارتباط با توکن
2021-04-24 13:33:47 : Bye buddy :)
