2021-04-26 17:16:34 : Hi buddy :)
2021-04-26 17:16:34 : Sign with input variables: 
 RoleIndex = 7, Pin = 1111, Count of Certificates = 10
2021-04-26 17:16:35 : Find window named Launch Application
2021-04-26 17:16:36 : Finished works on Launch Application
2021-04-26 17:16:42 : Find window named ارتباط با توکن
2021-04-26 17:16:44 : Pin entered
2021-04-26 17:16:52 : TAB
2021-04-26 17:16:53 : In Loop
2021-04-26 17:16:53 : DOWN
2021-04-26 17:16:53 : In Loop
2021-04-26 17:16:53 : DOWN
2021-04-26 17:16:54 : In Loop
2021-04-26 17:16:54 : DOWN
2021-04-26 17:16:55 : In Loop
2021-04-26 17:16:55 : DOWN
2021-04-26 17:16:55 : In Loop
2021-04-26 17:16:55 : DOWN
2021-04-26 17:16:56 : In Loop
2021-04-26 17:16:56 : DOWN
2021-04-26 17:16:57 : In Loop
2021-04-26 17:16:57 : DOWN
2021-04-26 17:16:58 : In Loop
2021-04-26 17:16:58 : DOWN
2021-04-26 17:16:58 : TAB
2021-04-26 17:16:59 : DOWN
2021-04-26 17:17:00 : SPACE
2021-04-26 17:17:00 : Certificate is choosed
2021-04-26 17:17:00 : TAB
2021-04-26 17:17:01 : Finished works on ارتباط با توکن
2021-04-26 17:17:01 : Bye buddy :)
