2021-04-28 12:22:09 : Hi buddy :)
2021-04-28 12:22:09 : Sign with input variables: 
 RoleIndex = 7, Pin = 1111, Count of Certificates = 10
2021-04-28 12:22:09 : Find window named Launch Application
2021-04-28 12:22:11 : Finished works on Launch Application
2021-04-28 12:22:18 : Find window named ارتباط با توکن
2021-04-28 12:22:21 : Pin entered
2021-04-28 12:22:28 : TAB
2021-04-28 12:22:29 : In Loop
2021-04-28 12:22:29 : DOWN
2021-04-28 12:22:30 : In Loop
2021-04-28 12:22:30 : DOWN
2021-04-28 12:22:31 : In Loop
2021-04-28 12:22:31 : DOWN
2021-04-28 12:22:31 : In Loop
2021-04-28 12:22:31 : DOWN
2021-04-28 12:22:32 : In Loop
2021-04-28 12:22:32 : DOWN
2021-04-28 12:22:33 : In Loop
2021-04-28 12:22:33 : DOWN
2021-04-28 12:22:34 : In Loop
2021-04-28 12:22:34 : DOWN
2021-04-28 12:22:34 : In Loop
2021-04-28 12:22:34 : DOWN
2021-04-28 12:22:35 : TAB
2021-04-28 12:22:36 : DOWN
2021-04-28 12:22:36 : SPACE
2021-04-28 12:22:37 : Certificate is choosed
2021-04-28 12:22:37 : TAB
2021-04-28 12:22:37 : Finished works on ارتباط با توکن
2021-04-28 12:22:37 : Bye buddy :)
