2021-05-10 11:10:04 : Hi buddy :)
2021-05-10 11:10:04 : Sign with input variables: 
 RoleIndex = 7, Pin = 1111, Count of Certificates = 10
2021-05-10 11:10:04 : Find window named Launch Application
2021-05-10 11:10:06 : Finished works on Launch Application
2021-05-10 11:10:12 : Find window named ارتباط با توکن
2021-05-10 11:10:15 : Pin entered
2021-05-10 11:10:22 : TAB
2021-05-10 11:10:23 : In Loop
2021-05-10 11:10:23 : DOWN
2021-05-10 11:10:24 : In Loop
2021-05-10 11:10:24 : DOWN
2021-05-10 11:10:25 : In Loop
2021-05-10 11:10:25 : DOWN
2021-05-10 11:10:26 : In Loop
2021-05-10 11:10:26 : DOWN
2021-05-10 11:10:26 : In Loop
2021-05-10 11:10:26 : DOWN
2021-05-10 11:10:27 : In Loop
2021-05-10 11:10:27 : DOWN
2021-05-10 11:10:28 : In Loop
2021-05-10 11:10:28 : DOWN
2021-05-10 11:10:28 : In Loop
2021-05-10 11:10:28 : DOWN
2021-05-10 11:10:29 : TAB
2021-05-10 11:10:30 : DOWN
2021-05-10 11:10:31 : SPACE
2021-05-10 11:10:31 : Certificate is choosed
2021-05-10 11:10:31 : TAB
2021-05-10 11:10:32 : Finished works on ارتباط با توکن
2021-05-10 11:10:32 : Bye buddy :)
