2021-05-11 19:41:46 : Hi buddy :)
2021-05-11 19:41:46 : Sign with input variables: 
 RoleIndex = 7, Pin = 1111, Count of Certificates = 10
2021-05-11 19:41:47 : Find window named Launch Application
2021-05-11 19:41:48 : Finished works on Launch Application
2021-05-11 19:41:55 : Find window named ارتباط با توکن
2021-05-11 19:41:58 : Pin entered
2021-05-11 19:42:05 : TAB
2021-05-11 19:42:06 : In Loop
2021-05-11 19:42:06 : DOWN
2021-05-11 19:42:07 : In Loop
2021-05-11 19:42:07 : DOWN
2021-05-11 19:42:08 : In Loop
2021-05-11 19:42:08 : DOWN
2021-05-11 19:42:08 : In Loop
2021-05-11 19:42:08 : DOWN
2021-05-11 19:42:09 : In Loop
2021-05-11 19:42:09 : DOWN
2021-05-11 19:42:10 : In Loop
2021-05-11 19:42:10 : DOWN
2021-05-11 19:42:10 : In Loop
2021-05-11 19:42:10 : DOWN
2021-05-11 19:42:11 : In Loop
2021-05-11 19:42:11 : DOWN
2021-05-11 19:42:12 : TAB
2021-05-11 19:42:13 : DOWN
2021-05-11 19:42:13 : SPACE
2021-05-11 19:42:14 : Certificate is choosed
2021-05-11 19:42:14 : TAB
2021-05-11 19:42:14 : Finished works on ارتباط با توکن
2021-05-11 19:42:14 : Bye buddy :)
