2021-04-25 11:12:12 : Hi buddy :)
2021-04-25 11:12:12 : Sign with input variables: 
 RoleIndex = 7, Pin = 1111, Count of Certificates = 10
2021-04-25 11:12:12 : Find window named Launch Application
2021-04-25 11:12:14 : Finished works on Launch Application
2021-04-25 11:12:20 : Find window named ارتباط با توکن
2021-04-25 11:12:23 : Pin entered
2021-04-25 11:12:30 : TAB
2021-04-25 11:12:31 : In Loop
2021-04-25 11:12:31 : DOWN
2021-04-25 11:12:32 : In Loop
2021-04-25 11:12:32 : DOWN
2021-04-25 11:12:32 : In Loop
2021-04-25 11:12:32 : DOWN
2021-04-25 11:12:33 : In Loop
2021-04-25 11:12:33 : DOWN
2021-04-25 11:12:34 : In Loop
2021-04-25 11:12:34 : DOWN
2021-04-25 11:12:35 : In Loop
2021-04-25 11:12:35 : DOWN
2021-04-25 11:12:35 : In Loop
2021-04-25 11:12:35 : DOWN
2021-04-25 11:12:36 : In Loop
2021-04-25 11:12:36 : DOWN
2021-04-25 11:12:37 : TAB
2021-04-25 11:12:37 : DOWN
2021-04-25 11:12:38 : SPACE
2021-04-25 11:12:39 : Certificate is choosed
2021-04-25 11:12:39 : TAB
2021-04-25 11:12:39 : Finished works on ارتباط با توکن
2021-04-25 11:12:39 : Bye buddy :)
