2021-05-02 14:39:37 : Hi buddy :)
2021-05-02 14:39:37 : Sign with input variables: 
 RoleIndex = 7, Pin = 1111, Count of Certificates = 10
2021-05-02 14:39:37 : Find window named Launch Application
2021-05-02 14:39:39 : Finished works on Launch Application
2021-05-02 14:39:46 : Find window named ارتباط با توکن
2021-05-02 14:39:49 : Pin entered
2021-05-02 14:39:56 : TAB
2021-05-02 14:39:57 : In Loop
2021-05-02 14:39:57 : DOWN
2021-05-02 14:39:58 : In Loop
2021-05-02 14:39:58 : DOWN
2021-05-02 14:39:59 : In Loop
2021-05-02 14:39:59 : DOWN
2021-05-02 14:39:59 : In Loop
2021-05-02 14:39:59 : DOWN
2021-05-02 14:40:00 : In Loop
2021-05-02 14:40:00 : DOWN
2021-05-02 14:40:01 : In Loop
2021-05-02 14:40:01 : DOWN
2021-05-02 14:40:01 : In Loop
2021-05-02 14:40:01 : DOWN
2021-05-02 14:40:02 : In Loop
2021-05-02 14:40:02 : DOWN
2021-05-02 14:40:03 : TAB
2021-05-02 14:40:04 : DOWN
2021-05-02 14:40:04 : SPACE
2021-05-02 14:40:05 : Certificate is choosed
2021-05-02 14:40:05 : TAB
2021-05-02 14:40:05 : Finished works on ارتباط با توکن
2021-05-02 14:40:05 : Bye buddy :)
