2021-04-28 12:43:03 : Hi buddy :)
2021-04-28 12:43:03 : Sign with input variables: 
 RoleIndex = 7, Pin = 1111, Count of Certificates = 10
2021-04-28 12:43:03 : Find window named Launch Application
2021-04-28 12:43:05 : Finished works on Launch Application
2021-04-28 12:43:11 : Find window named ارتباط با توکن
2021-04-28 12:43:13 : Pin entered
2021-04-28 12:43:21 : TAB
2021-04-28 12:43:22 : In Loop
2021-04-28 12:43:22 : DOWN
2021-04-28 12:43:22 : In Loop
2021-04-28 12:43:22 : DOWN
2021-04-28 12:43:23 : In Loop
2021-04-28 12:43:23 : DOWN
2021-04-28 12:43:24 : In Loop
2021-04-28 12:43:24 : DOWN
2021-04-28 12:43:25 : In Loop
2021-04-28 12:43:25 : DOWN
2021-04-28 12:43:25 : In Loop
2021-04-28 12:43:25 : DOWN
2021-04-28 12:43:26 : In Loop
2021-04-28 12:43:26 : DOWN
2021-04-28 12:43:27 : In Loop
2021-04-28 12:43:27 : DOWN
2021-04-28 12:43:27 : TAB
2021-04-28 12:43:28 : DOWN
2021-04-28 12:43:29 : SPACE
2021-04-28 12:43:29 : Certificate is choosed
2021-04-28 12:43:29 : TAB
2021-04-28 12:43:30 : Finished works on ارتباط با توکن
2021-04-28 12:43:30 : Bye buddy :)
