2021-04-27 15:17:45 : Hi buddy :)
2021-04-27 15:17:45 : Sign with input variables: 
 RoleIndex = 7, Pin = 1111, Count of Certificates = 10
2021-04-27 15:17:46 : Find window named Launch Application
2021-04-27 15:17:47 : Finished works on Launch Application
2021-04-27 15:18:06 : Find window named ارتباط با توکن
2021-04-27 15:18:08 : Pin entered
2021-04-27 15:18:16 : TAB
2021-04-27 15:18:17 : In Loop
2021-04-27 15:18:17 : DOWN
2021-04-27 15:18:18 : In Loop
2021-04-27 15:18:18 : DOWN
2021-04-27 15:18:18 : In Loop
2021-04-27 15:18:18 : DOWN
2021-04-27 15:18:19 : In Loop
2021-04-27 15:18:19 : DOWN
2021-04-27 15:18:20 : In Loop
2021-04-27 15:18:20 : DOWN
2021-04-27 15:18:21 : In Loop
2021-04-27 15:18:21 : DOWN
2021-04-27 15:18:21 : In Loop
2021-04-27 15:18:21 : DOWN
2021-04-27 15:18:22 : In Loop
2021-04-27 15:18:22 : DOWN
2021-04-27 15:18:23 : TAB
2021-04-27 15:18:23 : DOWN
2021-04-27 15:18:24 : SPACE
2021-04-27 15:18:25 : Certificate is choosed
2021-04-27 15:18:25 : TAB
2021-04-27 15:18:25 : Finished works on ارتباط با توکن
2021-04-27 15:18:25 : Bye buddy :)
