2021-05-11 19:44:23 : Hi buddy :)
2021-05-11 19:44:23 : Sign with input variables: 
 RoleIndex = 7, Pin = 1111, Count of Certificates = 10
2021-05-11 19:44:23 : Find window named Launch Application
2021-05-11 19:44:25 : Finished works on Launch Application
2021-05-11 19:44:32 : Find window named ارتباط با توکن
2021-05-11 19:44:35 : Pin entered
2021-05-11 19:44:42 : TAB
2021-05-11 19:44:43 : In Loop
2021-05-11 19:44:43 : DOWN
2021-05-11 19:44:44 : In Loop
2021-05-11 19:44:44 : DOWN
2021-05-11 19:44:45 : In Loop
2021-05-11 19:44:45 : DOWN
2021-05-11 19:44:46 : In Loop
2021-05-11 19:44:46 : DOWN
2021-05-11 19:44:46 : In Loop
2021-05-11 19:44:46 : DOWN
2021-05-11 19:44:47 : In Loop
2021-05-11 19:44:47 : DOWN
2021-05-11 19:44:48 : In Loop
2021-05-11 19:44:48 : DOWN
2021-05-11 19:44:48 : In Loop
2021-05-11 19:44:48 : DOWN
2021-05-11 19:44:49 : TAB
2021-05-11 19:44:50 : DOWN
2021-05-11 19:44:51 : SPACE
2021-05-11 19:44:51 : Certificate is choosed
2021-05-11 19:44:51 : TAB
2021-05-11 19:44:52 : Finished works on ارتباط با توکن
2021-05-11 19:44:52 : Bye buddy :)
